url:http://localhost:9001/api/ball/getHistory
action:null

url:http://localhost:9001/api/ball/getHistory
action:null
{"timestamp":1480386895294,"status":404,"error":"Not Found","message":"No message available","path":"/api/ball/getHistorynull"}

url:http://baidu.lecai.com/lottery/draw/list/50?type=latest&num=50
action:
url:http://baidu.lecai.com/lottery/draw/list/50?type=latest&num=50
action:
url:http://baidu.lecai.com/lottery/draw/list/50?type=latest&num=50
action:
该期号已经存在，不插入
该期号已经存在，不插入
该期号已经存在，不插入
该期号已经存在，不插入
该期号已经存在，不插入
该期号已经存在，不插入
该期号已经存在，不插入
该期号已经存在，不插入
该期号已经存在，不插入
该期号已经存在，不插入
该期号已经存在，不插入
该期号已经存在，不插入
该期号已经存在，不插入
该期号已经存在，不插入
该期号已经存在，不插入
该期号已经存在，不插入
该期号已经存在，不插入
该期号已经存在，不插入
该期号已经存在，不插入
该期号已经存在，不插入
该期号已经存在，不插入
该期号已经存在，不插入
该期号已经存在，不插入
该期号已经存在，不插入
该期号已经存在，不插入
该期号已经存在，不插入
该期号已经存在，不插入
该期号已经存在，不插入
该期号已经存在，不插入
该期号已经存在，不插入
该期号已经存在，不插入
该期号已经存在，不插入
该期号已经存在，不插入
该期号已经存在，不插入
该期号已经存在，不插入
该期号已经存在，不插入
该期号已经存在，不插入
该期号已经存在，不插入
该期号已经存在，不插入
该期号已经存在，不插入
该期号已经存在，不插入
该期号已经存在，不插入
该期号已经存在，不插入
该期号已经存在，不插入
该期号已经存在，不插入
该期号已经存在，不插入
该期号已经存在，不插入
该期号已经存在，不插入
该期号已经存在，不插入
该期号已经存在，不插入
url:http://baidu.lecai.com/lottery/draw/list/50?type=latest&num=50
action:
url:http://baidu.lecai.com/lottery/draw/list/50?type=latest&num=50
action:
该期号已经存在，不插入
该期号已经存在，不插入
该期号已经存在，不插入
该期号已经存在，不插入
该期号已经存在，不插入
该期号已经存在，不插入
该期号已经存在，不插入
该期号已经存在，不插入
该期号已经存在，不插入
该期号已经存在，不插入
该期号已经存在，不插入
该期号已经存在，不插入
该期号已经存在，不插入
该期号已经存在，不插入
该期号已经存在，不插入
该期号已经存在，不插入
该期号已经存在，不插入
该期号已经存在，不插入
该期号已经存在，不插入
该期号已经存在，不插入
该期号已经存在，不插入
该期号已经存在，不插入
该期号已经存在，不插入
该期号已经存在，不插入
该期号已经存在，不插入
该期号已经存在，不插入
该期号已经存在，不插入
该期号已经存在，不插入
该期号已经存在，不插入
该期号已经存在，不插入
该期号已经存在，不插入
该期号已经存在，不插入
该期号已经存在，不插入
该期号已经存在，不插入
该期号已经存在，不插入
该期号已经存在，不插入
该期号已经存在，不插入
该期号已经存在，不插入
该期号已经存在，不插入
该期号已经存在，不插入
该期号已经存在，不插入
该期号已经存在，不插入
该期号已经存在，不插入
该期号已经存在，不插入
该期号已经存在，不插入
该期号已经存在，不插入
该期号已经存在，不插入
该期号已经存在，不插入
该期号已经存在，不插入
该期号已经存在，不插入
url:http://www.baidu.com.cn/s?wd=双色球
action:
url:http://baidu.lecai.com/lottery/draw/list/50?type=latest&num=50
action:
该期号已经存在，不插入
12,345,676
1,234
123
12,345,676
1,234
123
url:http://www.baidu.com.cn/s?wd=双色球
action:
url:http://www.baidu.com.cn/s?wd=双色球
action:
该期号已经存在，不插入
该期号已经存在，不插入
url:http://www.baidu.com.cn/s?wd=双色球
action:
该期号已经存在，不插入
url:http://www.baidu.com.cn/s?wd=双色球
action:
该期号已经存在，不插入
1:4
2:2
3:3
4:5
5:1
6:3
7:4
8:2
9:5
10:3
11:1
12:3
13:4
14:4
15:1
16:5
