url:http://www.baidu.com.cn/s?wd=双色球
action:
红球近期出现频率统计：
号码31连续出现0次;连续未出现12次;近20期该号码出现2次
号码3连续出现0次;连续未出现11次;近20期该号码出现1次
号码23连续出现0次;连续未出现11次;近20期该号码出现2次
号码22连续出现0次;连续未出现8次;近20期该号码出现2次
号码11连续出现0次;连续未出现7次;近20期该号码出现2次
号码12连续出现0次;连续未出现7次;近20期该号码出现4次
号码14连续出现0次;连续未出现7次;近20期该号码出现2次
号码8连续出现0次;连续未出现6次;近20期该号码出现4次
号码18连续出现0次;连续未出现6次;近20期该号码出现4次
号码33连续出现0次;连续未出现6次;近20期该号码出现4次
号码27连续出现0次;连续未出现5次;近20期该号码出现9次
号码29连续出现0次;连续未出现5次;近20期该号码出现3次
号码9连续出现0次;连续未出现4次;近20期该号码出现4次
号码10连续出现0次;连续未出现4次;近20期该号码出现4次
号码7连续出现0次;连续未出现3次;近20期该号码出现4次
号码16连续出现0次;连续未出现3次;近20期该号码出现2次
号码20连续出现0次;连续未出现3次;近20期该号码出现5次
号码25连续出现0次;连续未出现3次;近20期该号码出现2次
号码6连续出现0次;连续未出现2次;近20期该号码出现5次
号码19连续出现0次;连续未出现2次;近20期该号码出现4次
号码28连续出现0次;连续未出现2次;近20期该号码出现4次
号码30连续出现0次;连续未出现2次;近20期该号码出现3次
号码1连续出现0次;连续未出现1次;近20期该号码出现4次
号码2连续出现0次;连续未出现1次;近20期该号码出现4次
号码5连续出现0次;连续未出现1次;近20期该号码出现3次
号码26连续出现0次;连续未出现1次;近20期该号码出现4次
号码32连续出现0次;连续未出现1次;近20期该号码出现3次
号码4连续出现1次;连续未出现0次;近20期该号码出现3次
号码13连续出现1次;连续未出现0次;近20期该号码出现3次
号码15连续出现1次;连续未出现0次;近20期该号码出现5次
号码17连续出现2次;连续未出现0次;近20期该号码出现6次
号码21连续出现1次;连续未出现0次;近20期该号码出现5次
号码24连续出现1次;连续未出现0次;近20期该号码出现4次

蓝球近期出现频率统计：
号码6连续出现0次;连续未出现42次;近100期该号码出现3次
号码11连续出现0次;连续未出现38次;近100期该号码出现5次
号码5连续出现0次;连续未出现32次;近100期该号码出现4次
号码4连续出现0次;连续未出现22次;近100期该号码出现9次
号码9连续出现0次;连续未出现20次;近100期该号码出现8次
号码8连续出现0次;连续未出现19次;近100期该号码出现5次
号码16连续出现0次;连续未出现14次;近100期该号码出现8次
号码1连续出现0次;连续未出现11次;近100期该号码出现10次
号码2连续出现0次;连续未出现10次;近100期该号码出现6次
号码13连续出现0次;连续未出现7次;近100期该号码出现5次
号码12连续出现0次;连续未出现6次;近100期该号码出现7次
号码14连续出现0次;连续未出现4次;近100期该号码出现8次
号码7连续出现0次;连续未出现3次;近100期该号码出现7次
号码3连续出现0次;连续未出现2次;近100期该号码出现5次
号码10连续出现0次;连续未出现1次;近100期该号码出现6次
号码15连续出现1次;连续未出现0次;近100期该号码出现4次

url:http://www.baidu.com.cn/s?wd=双色球
action:
该期号已经存在，不插入
url:http://www.baidu.com.cn/s?wd=双色球
action:
该期号已经存在，不插入
红球近期出现频率统计：
号码31连续出现0次;连续未出现12次;近20期该号码出现2次
号码3连续出现0次;连续未出现11次;近20期该号码出现1次
号码23连续出现0次;连续未出现11次;近20期该号码出现2次
号码22连续出现0次;连续未出现8次;近20期该号码出现2次
号码11连续出现0次;连续未出现7次;近20期该号码出现2次
号码12连续出现0次;连续未出现7次;近20期该号码出现4次
号码14连续出现0次;连续未出现7次;近20期该号码出现2次
号码8连续出现0次;连续未出现6次;近20期该号码出现4次
号码18连续出现0次;连续未出现6次;近20期该号码出现4次
号码33连续出现0次;连续未出现6次;近20期该号码出现4次
号码27连续出现0次;连续未出现5次;近20期该号码出现9次
号码29连续出现0次;连续未出现5次;近20期该号码出现3次
号码9连续出现0次;连续未出现4次;近20期该号码出现4次
号码10连续出现0次;连续未出现4次;近20期该号码出现4次
号码7连续出现0次;连续未出现3次;近20期该号码出现4次
号码16连续出现0次;连续未出现3次;近20期该号码出现2次
号码20连续出现0次;连续未出现3次;近20期该号码出现5次
号码25连续出现0次;连续未出现3次;近20期该号码出现2次
号码6连续出现0次;连续未出现2次;近20期该号码出现5次
号码19连续出现0次;连续未出现2次;近20期该号码出现4次
号码28连续出现0次;连续未出现2次;近20期该号码出现4次
号码30连续出现0次;连续未出现2次;近20期该号码出现3次
号码1连续出现0次;连续未出现1次;近20期该号码出现4次
号码2连续出现0次;连续未出现1次;近20期该号码出现4次
号码5连续出现0次;连续未出现1次;近20期该号码出现3次
号码26连续出现0次;连续未出现1次;近20期该号码出现4次
号码32连续出现0次;连续未出现1次;近20期该号码出现3次
号码4连续出现1次;连续未出现0次;近20期该号码出现3次
号码13连续出现1次;连续未出现0次;近20期该号码出现3次
号码15连续出现1次;连续未出现0次;近20期该号码出现5次
号码17连续出现2次;连续未出现0次;近20期该号码出现6次
号码21连续出现1次;连续未出现0次;近20期该号码出现5次
号码24连续出现1次;连续未出现0次;近20期该号码出现4次

蓝球近期出现频率统计：
号码6连续出现0次;连续未出现42次;近100期该号码出现3次
号码11连续出现0次;连续未出现38次;近100期该号码出现5次
号码5连续出现0次;连续未出现32次;近100期该号码出现4次
号码4连续出现0次;连续未出现22次;近100期该号码出现9次
号码9连续出现0次;连续未出现20次;近100期该号码出现8次
号码8连续出现0次;连续未出现19次;近100期该号码出现5次
号码16连续出现0次;连续未出现14次;近100期该号码出现8次
号码1连续出现0次;连续未出现11次;近100期该号码出现10次
号码2连续出现0次;连续未出现10次;近100期该号码出现6次
号码13连续出现0次;连续未出现7次;近100期该号码出现5次
号码12连续出现0次;连续未出现6次;近100期该号码出现7次
号码14连续出现0次;连续未出现4次;近100期该号码出现8次
号码7连续出现0次;连续未出现3次;近100期该号码出现7次
号码3连续出现0次;连续未出现2次;近100期该号码出现5次
号码10连续出现0次;连续未出现1次;近100期该号码出现6次
号码15连续出现1次;连续未出现0次;近100期该号码出现4次

第2016142期已经预测过，更新
url:http://www.baidu.com.cn/s?wd=双色球
action:
该期号已经存在，不插入
红球近期出现频率统计：
号码31连续出现0次;连续未出现12次;近20期该号码出现2次
号码3连续出现0次;连续未出现11次;近20期该号码出现1次
号码23连续出现0次;连续未出现11次;近20期该号码出现2次
号码22连续出现0次;连续未出现8次;近20期该号码出现2次
号码11连续出现0次;连续未出现7次;近20期该号码出现2次
号码12连续出现0次;连续未出现7次;近20期该号码出现4次
号码14连续出现0次;连续未出现7次;近20期该号码出现2次
号码8连续出现0次;连续未出现6次;近20期该号码出现4次
号码18连续出现0次;连续未出现6次;近20期该号码出现4次
号码33连续出现0次;连续未出现6次;近20期该号码出现4次
号码27连续出现0次;连续未出现5次;近20期该号码出现9次
号码29连续出现0次;连续未出现5次;近20期该号码出现3次
号码9连续出现0次;连续未出现4次;近20期该号码出现4次
号码10连续出现0次;连续未出现4次;近20期该号码出现4次
号码7连续出现0次;连续未出现3次;近20期该号码出现4次
号码16连续出现0次;连续未出现3次;近20期该号码出现2次
号码20连续出现0次;连续未出现3次;近20期该号码出现5次
号码25连续出现0次;连续未出现3次;近20期该号码出现2次
号码6连续出现0次;连续未出现2次;近20期该号码出现5次
号码19连续出现0次;连续未出现2次;近20期该号码出现4次
号码28连续出现0次;连续未出现2次;近20期该号码出现4次
号码30连续出现0次;连续未出现2次;近20期该号码出现3次
号码1连续出现0次;连续未出现1次;近20期该号码出现4次
号码2连续出现0次;连续未出现1次;近20期该号码出现4次
号码5连续出现0次;连续未出现1次;近20期该号码出现3次
号码26连续出现0次;连续未出现1次;近20期该号码出现4次
号码32连续出现0次;连续未出现1次;近20期该号码出现3次
号码4连续出现1次;连续未出现0次;近20期该号码出现3次
号码13连续出现1次;连续未出现0次;近20期该号码出现3次
号码15连续出现1次;连续未出现0次;近20期该号码出现5次
号码17连续出现2次;连续未出现0次;近20期该号码出现6次
号码21连续出现1次;连续未出现0次;近20期该号码出现5次
号码24连续出现1次;连续未出现0次;近20期该号码出现4次

蓝球近期出现频率统计：
号码6连续出现0次;连续未出现42次;近100期该号码出现3次
号码11连续出现0次;连续未出现38次;近100期该号码出现5次
号码5连续出现0次;连续未出现32次;近100期该号码出现4次
号码4连续出现0次;连续未出现22次;近100期该号码出现9次
号码9连续出现0次;连续未出现20次;近100期该号码出现8次
号码8连续出现0次;连续未出现19次;近100期该号码出现5次
号码16连续出现0次;连续未出现14次;近100期该号码出现8次
号码1连续出现0次;连续未出现11次;近100期该号码出现10次
号码2连续出现0次;连续未出现10次;近100期该号码出现6次
号码13连续出现0次;连续未出现7次;近100期该号码出现5次
号码12连续出现0次;连续未出现6次;近100期该号码出现7次
号码14连续出现0次;连续未出现4次;近100期该号码出现8次
号码7连续出现0次;连续未出现3次;近100期该号码出现7次
号码3连续出现0次;连续未出现2次;近100期该号码出现5次
号码10连续出现0次;连续未出现1次;近100期该号码出现6次
号码15连续出现1次;连续未出现0次;近100期该号码出现4次

第2016142期已经预测过，更新
url:http://www.baidu.com.cn/s?wd=双色球
action:
该期号已经存在，不插入
红球近期出现频率统计：
号码31连续出现0次;连续未出现12次;近20期该号码出现2次
号码3连续出现0次;连续未出现11次;近20期该号码出现1次
号码23连续出现0次;连续未出现11次;近20期该号码出现2次
号码22连续出现0次;连续未出现8次;近20期该号码出现2次
号码11连续出现0次;连续未出现7次;近20期该号码出现2次
号码12连续出现0次;连续未出现7次;近20期该号码出现4次
号码14连续出现0次;连续未出现7次;近20期该号码出现2次
号码8连续出现0次;连续未出现6次;近20期该号码出现4次
号码18连续出现0次;连续未出现6次;近20期该号码出现4次
号码33连续出现0次;连续未出现6次;近20期该号码出现4次
号码27连续出现0次;连续未出现5次;近20期该号码出现9次
号码29连续出现0次;连续未出现5次;近20期该号码出现3次
号码9连续出现0次;连续未出现4次;近20期该号码出现4次
号码10连续出现0次;连续未出现4次;近20期该号码出现4次
号码7连续出现0次;连续未出现3次;近20期该号码出现4次
号码16连续出现0次;连续未出现3次;近20期该号码出现2次
号码20连续出现0次;连续未出现3次;近20期该号码出现5次
号码25连续出现0次;连续未出现3次;近20期该号码出现2次
号码6连续出现0次;连续未出现2次;近20期该号码出现5次
号码19连续出现0次;连续未出现2次;近20期该号码出现4次
号码28连续出现0次;连续未出现2次;近20期该号码出现4次
号码30连续出现0次;连续未出现2次;近20期该号码出现3次
号码1连续出现0次;连续未出现1次;近20期该号码出现4次
号码2连续出现0次;连续未出现1次;近20期该号码出现4次
号码5连续出现0次;连续未出现1次;近20期该号码出现3次
号码26连续出现0次;连续未出现1次;近20期该号码出现4次
号码32连续出现0次;连续未出现1次;近20期该号码出现3次
号码4连续出现1次;连续未出现0次;近20期该号码出现3次
号码13连续出现1次;连续未出现0次;近20期该号码出现3次
号码15连续出现1次;连续未出现0次;近20期该号码出现5次
号码17连续出现2次;连续未出现0次;近20期该号码出现6次
号码21连续出现1次;连续未出现0次;近20期该号码出现5次
号码24连续出现1次;连续未出现0次;近20期该号码出现4次

蓝球近期出现频率统计：
号码6连续出现0次;连续未出现42次;近100期该号码出现3次
号码11连续出现0次;连续未出现38次;近100期该号码出现5次
号码5连续出现0次;连续未出现32次;近100期该号码出现4次
号码4连续出现0次;连续未出现22次;近100期该号码出现9次
号码9连续出现0次;连续未出现20次;近100期该号码出现8次
号码8连续出现0次;连续未出现19次;近100期该号码出现5次
号码16连续出现0次;连续未出现14次;近100期该号码出现8次
号码1连续出现0次;连续未出现11次;近100期该号码出现10次
号码2连续出现0次;连续未出现10次;近100期该号码出现6次
号码13连续出现0次;连续未出现7次;近100期该号码出现5次
号码12连续出现0次;连续未出现6次;近100期该号码出现7次
号码14连续出现0次;连续未出现4次;近100期该号码出现8次
号码7连续出现0次;连续未出现3次;近100期该号码出现7次
号码3连续出现0次;连续未出现2次;近100期该号码出现5次
号码10连续出现0次;连续未出现1次;近100期该号码出现6次
号码15连续出现1次;连续未出现0次;近100期该号码出现4次

第2016142期已经预测过，更新
url:http://www.baidu.com.cn/s?wd=双色球
action:
该期号已经存在，不插入
红球近期出现频率统计：
号码31连续出现0次;连续未出现12次;近20期该号码出现2次
号码3连续出现0次;连续未出现11次;近20期该号码出现1次
号码23连续出现0次;连续未出现11次;近20期该号码出现2次
号码22连续出现0次;连续未出现8次;近20期该号码出现2次
号码11连续出现0次;连续未出现7次;近20期该号码出现2次
号码12连续出现0次;连续未出现7次;近20期该号码出现4次
号码14连续出现0次;连续未出现7次;近20期该号码出现2次
号码8连续出现0次;连续未出现6次;近20期该号码出现4次
号码18连续出现0次;连续未出现6次;近20期该号码出现4次
号码33连续出现0次;连续未出现6次;近20期该号码出现4次
号码27连续出现0次;连续未出现5次;近20期该号码出现9次
号码29连续出现0次;连续未出现5次;近20期该号码出现3次
号码9连续出现0次;连续未出现4次;近20期该号码出现4次
号码10连续出现0次;连续未出现4次;近20期该号码出现4次
号码7连续出现0次;连续未出现3次;近20期该号码出现4次
号码16连续出现0次;连续未出现3次;近20期该号码出现2次
号码20连续出现0次;连续未出现3次;近20期该号码出现5次
号码25连续出现0次;连续未出现3次;近20期该号码出现2次
号码6连续出现0次;连续未出现2次;近20期该号码出现5次
号码19连续出现0次;连续未出现2次;近20期该号码出现4次
号码28连续出现0次;连续未出现2次;近20期该号码出现4次
号码30连续出现0次;连续未出现2次;近20期该号码出现3次
号码1连续出现0次;连续未出现1次;近20期该号码出现4次
号码2连续出现0次;连续未出现1次;近20期该号码出现4次
号码5连续出现0次;连续未出现1次;近20期该号码出现3次
号码26连续出现0次;连续未出现1次;近20期该号码出现4次
号码32连续出现0次;连续未出现1次;近20期该号码出现3次
号码4连续出现1次;连续未出现0次;近20期该号码出现3次
号码13连续出现1次;连续未出现0次;近20期该号码出现3次
号码15连续出现1次;连续未出现0次;近20期该号码出现5次
号码17连续出现2次;连续未出现0次;近20期该号码出现6次
号码21连续出现1次;连续未出现0次;近20期该号码出现5次
号码24连续出现1次;连续未出现0次;近20期该号码出现4次

蓝球近期出现频率统计：
号码6连续出现0次;连续未出现42次;近100期该号码出现3次
号码11连续出现0次;连续未出现38次;近100期该号码出现5次
号码5连续出现0次;连续未出现32次;近100期该号码出现4次
号码4连续出现0次;连续未出现22次;近100期该号码出现9次
号码9连续出现0次;连续未出现20次;近100期该号码出现8次
号码8连续出现0次;连续未出现19次;近100期该号码出现5次
号码16连续出现0次;连续未出现14次;近100期该号码出现8次
号码1连续出现0次;连续未出现11次;近100期该号码出现10次
号码2连续出现0次;连续未出现10次;近100期该号码出现6次
号码13连续出现0次;连续未出现7次;近100期该号码出现5次
号码12连续出现0次;连续未出现6次;近100期该号码出现7次
号码14连续出现0次;连续未出现4次;近100期该号码出现8次
号码7连续出现0次;连续未出现3次;近100期该号码出现7次
号码3连续出现0次;连续未出现2次;近100期该号码出现5次
号码10连续出现0次;连续未出现1次;近100期该号码出现6次
号码15连续出现1次;连续未出现0次;近100期该号码出现4次

第2016142期已经预测过，更新
