url:http://www.baidu.com.cn/s?wd=双色球
action:
{"ballNumber":"2016142","ballDate":"2016-12-04(周日)","redNumber":[1,10,17,21,23,30],"blueNumber":12,"winInfo":"本期一等奖：11注，每注6,818,174元\n本期二等奖：85注，每注294,116元","firstInfo":{"title":"一等奖","winCount":11,"money":6818174},"secondInfo":{"title":"二等奖","winCount":85,"money":294116}}
红球近期出现频率统计：
号码31连续出现0次;连续未出现13次;近20期该号码出现2次
号码3连续出现0次;连续未出现12次;近20期该号码出现1次
号码22连续出现0次;连续未出现9次;近20期该号码出现1次
号码11连续出现0次;连续未出现8次;近20期该号码出现2次
号码12连续出现0次;连续未出现8次;近20期该号码出现4次
号码14连续出现0次;连续未出现8次;近20期该号码出现2次
号码8连续出现0次;连续未出现7次;近20期该号码出现4次
号码18连续出现0次;连续未出现7次;近20期该号码出现4次
号码33连续出现0次;连续未出现7次;近20期该号码出现4次
号码27连续出现0次;连续未出现6次;近20期该号码出现9次
号码29连续出现0次;连续未出现6次;近20期该号码出现2次
号码9连续出现0次;连续未出现5次;近20期该号码出现4次
号码7连续出现0次;连续未出现4次;近20期该号码出现4次
号码16连续出现0次;连续未出现4次;近20期该号码出现2次
号码20连续出现0次;连续未出现4次;近20期该号码出现5次
号码25连续出现0次;连续未出现4次;近20期该号码出现2次
号码6连续出现0次;连续未出现3次;近20期该号码出现5次
号码19连续出现0次;连续未出现3次;近20期该号码出现4次
号码28连续出现0次;连续未出现3次;近20期该号码出现3次
号码2连续出现0次;连续未出现2次;近20期该号码出现4次
号码5连续出现0次;连续未出现2次;近20期该号码出现3次
号码26连续出现0次;连续未出现2次;近20期该号码出现4次
号码32连续出现0次;连续未出现2次;近20期该号码出现3次
号码4连续出现0次;连续未出现1次;近20期该号码出现3次
号码13连续出现0次;连续未出现1次;近20期该号码出现3次
号码15连续出现0次;连续未出现1次;近20期该号码出现4次
号码24连续出现0次;连续未出现1次;近20期该号码出现3次
号码1连续出现1次;连续未出现0次;近20期该号码出现5次
号码10连续出现1次;连续未出现0次;近20期该号码出现5次
号码17连续出现3次;连续未出现0次;近20期该号码出现7次
号码21连续出现2次;连续未出现0次;近20期该号码出现6次
号码23连续出现1次;连续未出现0次;近20期该号码出现2次
号码30连续出现1次;连续未出现0次;近20期该号码出现4次

蓝球近期出现频率统计：
号码6连续出现0次;连续未出现43次;近100期该号码出现3次
号码11连续出现0次;连续未出现39次;近100期该号码出现5次
号码5连续出现0次;连续未出现33次;近100期该号码出现4次
号码4连续出现0次;连续未出现23次;近100期该号码出现9次
号码9连续出现0次;连续未出现21次;近100期该号码出现7次
号码8连续出现0次;连续未出现20次;近100期该号码出现5次
号码16连续出现0次;连续未出现15次;近100期该号码出现8次
号码1连续出现0次;连续未出现12次;近100期该号码出现10次
号码2连续出现0次;连续未出现11次;近100期该号码出现6次
号码13连续出现0次;连续未出现8次;近100期该号码出现5次
号码14连续出现0次;连续未出现5次;近100期该号码出现8次
号码7连续出现0次;连续未出现4次;近100期该号码出现7次
号码3连续出现0次;连续未出现3次;近100期该号码出现5次
号码10连续出现0次;连续未出现2次;近100期该号码出现6次
号码15连续出现0次;连续未出现1次;近100期该号码出现4次
号码12连续出现1次;连续未出现0次;近100期该号码出现8次

第2016143期：
推荐红球:3
推荐红球:22
推荐红球:31
推荐红球:11
推荐红球:14
推荐红球:29
无强烈推荐蓝球
推荐蓝球:6
推荐蓝球:11
推荐蓝球:5
url:http://www.baidu.com.cn/s?wd=双色球
action:
该期号已经存在，不插入
恭喜您中了一等奖，本期本期一等奖：11注，每注6,818,174元
本期二等奖：85注，每注294,116元
url:http://www.baidu.com.cn/s?wd=双色球
action:
该期号已经存在，不插入
{"ballNumber":"2016142","ballDate":"2016-12-04(周日)","redNumber":[1,10,17,21,23,30],"blueNumber":12,"winInfo":"本期一等奖：11注，每注6,818,174元\n本期二等奖：85注，每注294,116元","firstInfo":{"title":"一等奖","winCount":11,"money":6818174},"secondInfo":{"title":"二等奖","winCount":85,"money":294116}}
红球近期出现频率统计：
号码31连续出现0次;连续未出现13次;近20期该号码出现2次
号码3连续出现0次;连续未出现12次;近20期该号码出现1次
号码22连续出现0次;连续未出现9次;近20期该号码出现1次
号码11连续出现0次;连续未出现8次;近20期该号码出现2次
号码12连续出现0次;连续未出现8次;近20期该号码出现4次
号码14连续出现0次;连续未出现8次;近20期该号码出现2次
号码8连续出现0次;连续未出现7次;近20期该号码出现4次
号码18连续出现0次;连续未出现7次;近20期该号码出现4次
号码33连续出现0次;连续未出现7次;近20期该号码出现4次
号码27连续出现0次;连续未出现6次;近20期该号码出现9次
号码29连续出现0次;连续未出现6次;近20期该号码出现2次
号码9连续出现0次;连续未出现5次;近20期该号码出现4次
号码7连续出现0次;连续未出现4次;近20期该号码出现4次
号码16连续出现0次;连续未出现4次;近20期该号码出现2次
号码20连续出现0次;连续未出现4次;近20期该号码出现5次
号码25连续出现0次;连续未出现4次;近20期该号码出现2次
号码6连续出现0次;连续未出现3次;近20期该号码出现5次
号码19连续出现0次;连续未出现3次;近20期该号码出现4次
号码28连续出现0次;连续未出现3次;近20期该号码出现3次
号码2连续出现0次;连续未出现2次;近20期该号码出现4次
号码5连续出现0次;连续未出现2次;近20期该号码出现3次
号码26连续出现0次;连续未出现2次;近20期该号码出现4次
号码32连续出现0次;连续未出现2次;近20期该号码出现3次
号码4连续出现0次;连续未出现1次;近20期该号码出现3次
号码13连续出现0次;连续未出现1次;近20期该号码出现3次
号码15连续出现0次;连续未出现1次;近20期该号码出现4次
号码24连续出现0次;连续未出现1次;近20期该号码出现3次
号码1连续出现1次;连续未出现0次;近20期该号码出现5次
号码10连续出现1次;连续未出现0次;近20期该号码出现5次
号码17连续出现3次;连续未出现0次;近20期该号码出现7次
号码21连续出现2次;连续未出现0次;近20期该号码出现6次
号码23连续出现1次;连续未出现0次;近20期该号码出现2次
号码30连续出现1次;连续未出现0次;近20期该号码出现4次

蓝球近期出现频率统计：
号码6连续出现0次;连续未出现43次;近100期该号码出现3次
号码11连续出现0次;连续未出现39次;近100期该号码出现5次
号码5连续出现0次;连续未出现33次;近100期该号码出现4次
号码4连续出现0次;连续未出现23次;近100期该号码出现9次
号码9连续出现0次;连续未出现21次;近100期该号码出现7次
号码8连续出现0次;连续未出现20次;近100期该号码出现5次
号码16连续出现0次;连续未出现15次;近100期该号码出现8次
号码1连续出现0次;连续未出现12次;近100期该号码出现10次
号码2连续出现0次;连续未出现11次;近100期该号码出现6次
号码13连续出现0次;连续未出现8次;近100期该号码出现5次
号码14连续出现0次;连续未出现5次;近100期该号码出现8次
号码7连续出现0次;连续未出现4次;近100期该号码出现7次
号码3连续出现0次;连续未出现3次;近100期该号码出现5次
号码10连续出现0次;连续未出现2次;近100期该号码出现6次
号码15连续出现0次;连续未出现1次;近100期该号码出现4次
号码12连续出现1次;连续未出现0次;近100期该号码出现8次

第2016143期已经预测过，更新
第2016143期：
推荐红球:3
推荐红球:22
推荐红球:31
推荐红球:11
推荐红球:14
推荐红球:29
无强烈推荐蓝球
推荐蓝球:6
推荐蓝球:11
推荐蓝球:5
url:http://www.baidu.com.cn/s?wd=双色球
action:
该期号已经存在，不插入
恭喜您中了一等奖，本期本期一等奖：11注，每注6,818,174元
本期二等奖：85注，每注294,116元
url:http://www.baidu.com.cn/s?wd=双色球
action:
该期号已经存在，不插入
恭喜您中了三等奖3000元，本期本期一等奖：11注，每注6,818,174元
本期二等奖：85注，每注294,116元
url:http://www.baidu.com.cn/s?wd=双色球
action:
该期号已经存在，不插入
恭喜您中了二等奖，本期本期一等奖：11注，每注6,818,174元
本期二等奖：85注，每注294,116元
url:http://www.baidu.com.cn/s?wd=双色球
action:
该期号已经存在，不插入
很遗憾，您未中奖
url:http://www.baidu.com.cn/s?wd=双色球
action:
该期号已经存在，不插入
恭喜您中了五等奖10元。
本期本期一等奖：11注，每注6,818,174元
本期二等奖：85注，每注294,116元
url:http://www.baidu.com.cn/s?wd=双色球
action:
该期号已经存在，不插入
恭喜您中了五等奖10元。
本期本期一等奖：11注，每注6,818,174元
本期二等奖：85注，每注294,116元
url:http://www.baidu.com.cn/s?wd=双色球
action:
该期号已经存在，不插入
很遗憾，您未中奖
url:http://www.baidu.com.cn/s?wd=双色球
action:
该期号已经存在，不插入
很遗憾，您未中奖
url:http://www.baidu.com.cn/s?wd=双色球
action:
该期号已经存在，不插入
很遗憾，您未中奖
start:0;pageNum:20;historyCount102
2016-12-04(周日)
2016-12-01(周四)
2016-11-29（二）
2016-11-27(周日)
2016-11-24（四）
2016-11-22（二）
2016-11-20（日）
2016-11-17（四）
2016-11-15（二）
2016-11-13（日）
2016-11-10（四）
2016-11-08（二）
2016-11-06（日）
2016-11-03（四）
2016-11-01（二）
2016-10-30（日）
2016-10-27（四）
2016-10-25（二）
2016-10-23（日）
2016-10-20（四）
start:19;pageNum:20;historyCount102
start:0;pageNum:20;historyCount102
2016-10-18（二）
2016-10-16（日）
2016-10-13（四）
2016-10-11（二）
2016-10-09（日）
2016-10-06（四）
2016-10-04（二）
2016-10-02（日）
2016-09-29（四）
2016-09-27（二）
2016-09-25（日）
2016-09-22（四）
2016-09-20（二）
2016-09-18（日）
2016-09-15（四）
2016-09-13（二）
2016-09-11（日）
2016-09-08（四）
2016-09-06（二）
2016-09-04（日）
==============
start:19;pageNum:20;historyCount102
2016-09-01（四）
2016-08-30（二）
2016-08-28（日）
2016-08-25（四）
2016-08-23（二）
2016-08-21（日）
2016-08-18（四）
2016-08-16（二）
2016-08-14（日）
2016-08-11（四）
2016-08-09（二）
2016-08-07（日）
2016-08-04（四）
2016-08-02（二）
2016-07-31（日）
2016-07-28（四）
2016-07-26（二）
2016-07-24（日）
2016-07-21（四）
2016-07-19（二）
==============
start:39;pageNum:20;historyCount102
2016-07-17（日）
2016-07-14（四）
2016-07-12（二）
2016-07-10（日）
2016-07-07（四）
2016-07-05（二）
2016-07-03（日）
2016-06-30（四）
2016-06-28（二）
2016-06-26（日）
2016-06-23（四）
2016-06-21（二）
2016-06-19（日）
2016-06-16（四）
2016-06-14（二）
2016-06-12（日）
2016-06-09（四）
2016-06-07（二）
2016-06-05（日）
2016-06-02（四）
2016-12-04(周日)
2016-12-01(周四)
2016-11-29（二）
2016-11-27(周日)
2016-11-24（四）
2016-11-22（二）
2016-11-20（日）
2016-11-17（四）
2016-11-15（二）
2016-11-13（日）
2016-11-10（四）
2016-11-08（二）
2016-11-06（日）
2016-11-03（四）
2016-11-01（二）
2016-10-30（日）
2016-10-27（四）
2016-10-25（二）
2016-10-23（日）
2016-10-20（四）
==============
2016-10-18（二）
2016-10-16（日）
2016-10-13（四）
2016-10-11（二）
2016-10-09（日）
2016-10-06（四）
2016-10-04（二）
2016-10-02（日）
2016-09-29（四）
2016-09-27（二）
2016-09-25（日）
2016-09-22（四）
2016-09-20（二）
2016-09-18（日）
2016-09-15（四）
2016-09-13（二）
2016-09-11（日）
2016-09-08（四）
2016-09-06（二）
2016-09-04（日）
==============
2016-09-01（四）
2016-08-30（二）
2016-08-28（日）
2016-08-25（四）
2016-08-23（二）
2016-08-21（日）
2016-08-18（四）
2016-08-16（二）
2016-08-14（日）
2016-08-11（四）
2016-08-09（二）
2016-08-07（日）
2016-08-04（四）
2016-08-02（二）
2016-07-31（日）
2016-07-28（四）
2016-07-26（二）
2016-07-24（日）
2016-07-21（四）
2016-07-19（二）
url:http://www.baidu.com.cn/s?wd=双色球
action:
该期号已经存在，不插入
红球近期出现频率统计：
号码31连续出现0次;连续未出现13次;近20期该号码出现2次
号码3连续出现0次;连续未出现12次;近20期该号码出现1次
号码22连续出现0次;连续未出现9次;近20期该号码出现1次
号码11连续出现0次;连续未出现8次;近20期该号码出现2次
号码12连续出现0次;连续未出现8次;近20期该号码出现4次
号码14连续出现0次;连续未出现8次;近20期该号码出现2次
号码8连续出现0次;连续未出现7次;近20期该号码出现4次
号码18连续出现0次;连续未出现7次;近20期该号码出现4次
号码33连续出现0次;连续未出现7次;近20期该号码出现4次
号码27连续出现0次;连续未出现6次;近20期该号码出现9次
号码29连续出现0次;连续未出现6次;近20期该号码出现2次
号码9连续出现0次;连续未出现5次;近20期该号码出现4次
号码7连续出现0次;连续未出现4次;近20期该号码出现4次
号码16连续出现0次;连续未出现4次;近20期该号码出现2次
号码20连续出现0次;连续未出现4次;近20期该号码出现5次
号码25连续出现0次;连续未出现4次;近20期该号码出现2次
号码6连续出现0次;连续未出现3次;近20期该号码出现5次
号码19连续出现0次;连续未出现3次;近20期该号码出现4次
号码28连续出现0次;连续未出现3次;近20期该号码出现3次
号码2连续出现0次;连续未出现2次;近20期该号码出现4次
号码5连续出现0次;连续未出现2次;近20期该号码出现3次
号码26连续出现0次;连续未出现2次;近20期该号码出现4次
号码32连续出现0次;连续未出现2次;近20期该号码出现3次
号码4连续出现0次;连续未出现1次;近20期该号码出现3次
号码13连续出现0次;连续未出现1次;近20期该号码出现3次
号码15连续出现0次;连续未出现1次;近20期该号码出现4次
号码24连续出现0次;连续未出现1次;近20期该号码出现3次
号码1连续出现1次;连续未出现0次;近20期该号码出现5次
号码10连续出现1次;连续未出现0次;近20期该号码出现5次
号码17连续出现3次;连续未出现0次;近20期该号码出现7次
号码21连续出现2次;连续未出现0次;近20期该号码出现6次
号码23连续出现1次;连续未出现0次;近20期该号码出现2次
号码30连续出现1次;连续未出现0次;近20期该号码出现4次

蓝球近期出现频率统计：
号码6连续出现0次;连续未出现43次;近100期该号码出现3次
号码11连续出现0次;连续未出现39次;近100期该号码出现5次
号码5连续出现0次;连续未出现33次;近100期该号码出现4次
号码4连续出现0次;连续未出现23次;近100期该号码出现9次
号码9连续出现0次;连续未出现21次;近100期该号码出现7次
号码8连续出现0次;连续未出现20次;近100期该号码出现5次
号码16连续出现0次;连续未出现15次;近100期该号码出现8次
号码1连续出现0次;连续未出现12次;近100期该号码出现10次
号码2连续出现0次;连续未出现11次;近100期该号码出现6次
号码13连续出现0次;连续未出现8次;近100期该号码出现5次
号码14连续出现0次;连续未出现5次;近100期该号码出现8次
号码7连续出现0次;连续未出现4次;近100期该号码出现7次
号码3连续出现0次;连续未出现3次;近100期该号码出现5次
号码10连续出现0次;连续未出现2次;近100期该号码出现6次
号码15连续出现0次;连续未出现1次;近100期该号码出现4次
号码12连续出现1次;连续未出现0次;近100期该号码出现8次

第2016143期已经预测过，更新
url:http://www.baidu.com.cn/s?wd=双色球
action:
该期号已经存在，不插入
红球近期出现频率统计：
号码31连续出现0次;连续未出现13次;近20期该号码出现2次
号码3连续出现0次;连续未出现12次;近20期该号码出现1次
号码22连续出现0次;连续未出现9次;近20期该号码出现1次
号码11连续出现0次;连续未出现8次;近20期该号码出现2次
号码12连续出现0次;连续未出现8次;近20期该号码出现4次
号码14连续出现0次;连续未出现8次;近20期该号码出现2次
号码8连续出现0次;连续未出现7次;近20期该号码出现4次
号码18连续出现0次;连续未出现7次;近20期该号码出现4次
号码33连续出现0次;连续未出现7次;近20期该号码出现4次
号码27连续出现0次;连续未出现6次;近20期该号码出现9次
号码29连续出现0次;连续未出现6次;近20期该号码出现2次
号码9连续出现0次;连续未出现5次;近20期该号码出现4次
号码7连续出现0次;连续未出现4次;近20期该号码出现4次
号码16连续出现0次;连续未出现4次;近20期该号码出现2次
号码20连续出现0次;连续未出现4次;近20期该号码出现5次
号码25连续出现0次;连续未出现4次;近20期该号码出现2次
号码6连续出现0次;连续未出现3次;近20期该号码出现5次
号码19连续出现0次;连续未出现3次;近20期该号码出现4次
号码28连续出现0次;连续未出现3次;近20期该号码出现3次
号码2连续出现0次;连续未出现2次;近20期该号码出现4次
号码5连续出现0次;连续未出现2次;近20期该号码出现3次
号码26连续出现0次;连续未出现2次;近20期该号码出现4次
号码32连续出现0次;连续未出现2次;近20期该号码出现3次
号码4连续出现0次;连续未出现1次;近20期该号码出现3次
号码13连续出现0次;连续未出现1次;近20期该号码出现3次
号码15连续出现0次;连续未出现1次;近20期该号码出现4次
号码24连续出现0次;连续未出现1次;近20期该号码出现3次
号码1连续出现1次;连续未出现0次;近20期该号码出现5次
号码10连续出现1次;连续未出现0次;近20期该号码出现5次
号码17连续出现3次;连续未出现0次;近20期该号码出现7次
号码21连续出现2次;连续未出现0次;近20期该号码出现6次
号码23连续出现1次;连续未出现0次;近20期该号码出现2次
号码30连续出现1次;连续未出现0次;近20期该号码出现4次

蓝球近期出现频率统计：
号码6连续出现0次;连续未出现43次;近100期该号码出现3次
号码11连续出现0次;连续未出现39次;近100期该号码出现5次
号码5连续出现0次;连续未出现33次;近100期该号码出现4次
号码4连续出现0次;连续未出现23次;近100期该号码出现9次
号码9连续出现0次;连续未出现21次;近100期该号码出现7次
号码8连续出现0次;连续未出现20次;近100期该号码出现5次
号码16连续出现0次;连续未出现15次;近100期该号码出现8次
号码1连续出现0次;连续未出现12次;近100期该号码出现10次
号码2连续出现0次;连续未出现11次;近100期该号码出现6次
号码13连续出现0次;连续未出现8次;近100期该号码出现5次
号码14连续出现0次;连续未出现5次;近100期该号码出现8次
号码7连续出现0次;连续未出现4次;近100期该号码出现7次
号码3连续出现0次;连续未出现3次;近100期该号码出现5次
号码10连续出现0次;连续未出现2次;近100期该号码出现6次
号码15连续出现0次;连续未出现1次;近100期该号码出现4次
号码12连续出现1次;连续未出现0次;近100期该号码出现8次

第2016143期已经预测过，更新
url:http://www.baidu.com.cn/s?wd=双色球
action:
该期号已经存在，不插入
红球近期出现频率统计：
号码31连续出现0次;连续未出现13次;近20期该号码出现2次
号码3连续出现0次;连续未出现12次;近20期该号码出现1次
号码22连续出现0次;连续未出现9次;近20期该号码出现1次
号码11连续出现0次;连续未出现8次;近20期该号码出现2次
号码12连续出现0次;连续未出现8次;近20期该号码出现4次
号码14连续出现0次;连续未出现8次;近20期该号码出现2次
号码8连续出现0次;连续未出现7次;近20期该号码出现4次
号码18连续出现0次;连续未出现7次;近20期该号码出现4次
号码33连续出现0次;连续未出现7次;近20期该号码出现4次
号码27连续出现0次;连续未出现6次;近20期该号码出现9次
号码29连续出现0次;连续未出现6次;近20期该号码出现2次
号码9连续出现0次;连续未出现5次;近20期该号码出现4次
号码7连续出现0次;连续未出现4次;近20期该号码出现4次
号码16连续出现0次;连续未出现4次;近20期该号码出现2次
号码20连续出现0次;连续未出现4次;近20期该号码出现5次
号码25连续出现0次;连续未出现4次;近20期该号码出现2次
号码6连续出现0次;连续未出现3次;近20期该号码出现5次
号码19连续出现0次;连续未出现3次;近20期该号码出现4次
号码28连续出现0次;连续未出现3次;近20期该号码出现3次
号码2连续出现0次;连续未出现2次;近20期该号码出现4次
号码5连续出现0次;连续未出现2次;近20期该号码出现3次
号码26连续出现0次;连续未出现2次;近20期该号码出现4次
号码32连续出现0次;连续未出现2次;近20期该号码出现3次
号码4连续出现0次;连续未出现1次;近20期该号码出现3次
号码13连续出现0次;连续未出现1次;近20期该号码出现3次
号码15连续出现0次;连续未出现1次;近20期该号码出现4次
号码24连续出现0次;连续未出现1次;近20期该号码出现3次
号码1连续出现1次;连续未出现0次;近20期该号码出现5次
号码10连续出现1次;连续未出现0次;近20期该号码出现5次
号码17连续出现3次;连续未出现0次;近20期该号码出现7次
号码21连续出现2次;连续未出现0次;近20期该号码出现6次
号码23连续出现1次;连续未出现0次;近20期该号码出现2次
号码30连续出现1次;连续未出现0次;近20期该号码出现4次

蓝球近期出现频率统计：
号码6连续出现0次;连续未出现43次;近100期该号码出现3次
号码11连续出现0次;连续未出现39次;近100期该号码出现5次
号码5连续出现0次;连续未出现33次;近100期该号码出现4次
号码4连续出现0次;连续未出现23次;近100期该号码出现9次
号码9连续出现0次;连续未出现21次;近100期该号码出现7次
号码8连续出现0次;连续未出现20次;近100期该号码出现5次
号码16连续出现0次;连续未出现15次;近100期该号码出现8次
号码1连续出现0次;连续未出现12次;近100期该号码出现10次
号码2连续出现0次;连续未出现11次;近100期该号码出现6次
号码13连续出现0次;连续未出现8次;近100期该号码出现5次
号码14连续出现0次;连续未出现5次;近100期该号码出现8次
号码7连续出现0次;连续未出现4次;近100期该号码出现7次
号码3连续出现0次;连续未出现3次;近100期该号码出现5次
号码10连续出现0次;连续未出现2次;近100期该号码出现6次
号码15连续出现0次;连续未出现1次;近100期该号码出现4次
号码12连续出现1次;连续未出现0次;近100期该号码出现8次

第2016143期已经预测过，更新
