url:http://baidu.lecai.com/lottery/draw/list/50?type=latest&num=100
action:
该期号已经存在，不插入
该期号已经存在，不插入
该期号已经存在，不插入
该期号已经存在，不插入
该期号已经存在，不插入
该期号已经存在，不插入
该期号已经存在，不插入
该期号已经存在，不插入
该期号已经存在，不插入
该期号已经存在，不插入
该期号已经存在，不插入
该期号已经存在，不插入
该期号已经存在，不插入
该期号已经存在，不插入
该期号已经存在，不插入
该期号已经存在，不插入
该期号已经存在，不插入
该期号已经存在，不插入
该期号已经存在，不插入
该期号已经存在，不插入
该期号已经存在，不插入
该期号已经存在，不插入
该期号已经存在，不插入
该期号已经存在，不插入
该期号已经存在，不插入
该期号已经存在，不插入
该期号已经存在，不插入
该期号已经存在，不插入
该期号已经存在，不插入
该期号已经存在，不插入
该期号已经存在，不插入
该期号已经存在，不插入
该期号已经存在，不插入
该期号已经存在，不插入
该期号已经存在，不插入
该期号已经存在，不插入
该期号已经存在，不插入
该期号已经存在，不插入
该期号已经存在，不插入
该期号已经存在，不插入
该期号已经存在，不插入
该期号已经存在，不插入
该期号已经存在，不插入
该期号已经存在，不插入
该期号已经存在，不插入
该期号已经存在，不插入
该期号已经存在，不插入
该期号已经存在，不插入
该期号已经存在，不插入
该期号已经存在，不插入
红球近期出现频率统计：
号码1连续出现0;连续消失21
号码2连续出现0;连续消失19
号码3连续出现0;连续消失47
号码4连续出现0;连续消失48
号码5连续出现0;连续消失21
号码6连续出现0;连续消失18
号码7连续出现0;连续消失18
号码8连续出现0;连续消失46
号码9连续出现0;连续消失44
号码10连续出现0;连续消失44
号码11连续出现0;连续消失48
号码12连续出现0;连续消失46
号码13连续出现0;连续消失48
号码14连续出现0;连续消失46
号码15连续出现0;连续消失46
号码16连续出现0;连续消失21
号码17连续出现0;连续消失19
号码18连续出现0;连续消失45
号码19连续出现0;连续消失19
号码20连续出现0;连续消失17
号码21连续出现0;连续消失44
号码22连续出现0;连续消失47
号码23连续出现0;连续消失45
号码24连续出现0;连续消失20
号码25连续出现0;连续消失19
号码26连续出现0;连续消失21
号码27连续出现0;连续消失40
号码28连续出现0;连续消失17
号码29连续出现0;连续消失47
号码30连续出现0;连续消失20
号码31连续出现0;连续消失45
号码32连续出现0;连续消失21
号码33连续出现0;连续消失44
蓝球近期出现频率统计：
号码1连续出现0;连续消失77
号码2连续出现0;连续消失78
号码3连续出现0;连续消失36
号码4连续出现0;连续消失76
号码5连续出现0;连续消失79
号码6连续出现0;连续消失80
号码7连续出现0;连续消失78
号码8连续出现0;连续消失78
号码9连续出现0;连续消失76
号码10连续出现0;连续消失37
号码11连续出现0;连续消失79
号码12连续出现0;连续消失78
号码13连续出现0;连续消失76
号码14连续出现0;连续消失76
号码15连续出现0;连续消失79
号码16连续出现0;连续消失76
true
false
true
false
红球近期出现频率统计：
号码1连续出现0;连续消失21
号码2连续出现0;连续消失19
号码3连续出现0;连续消失22
号码4连续出现0;连续消失23
号码5连续出现0;连续消失21
号码6连续出现0;连续消失18
号码7连续出现0;连续消失18
号码8连续出现0;连续消失21
号码9连续出现0;连续消失19
号码10连续出现0;连续消失19
号码11连续出现0;连续消失23
号码12连续出现0;连续消失21
号码13连续出现0;连续消失23
号码14连续出现0;连续消失21
号码15连续出现0;连续消失21
号码16连续出现0;连续消失21
号码17连续出现0;连续消失19
号码18连续出现0;连续消失20
号码19连续出现0;连续消失19
号码20连续出现0;连续消失17
号码21连续出现0;连续消失19
号码22连续出现0;连续消失22
号码23连续出现0;连续消失20
号码24连续出现0;连续消失20
号码25连续出现0;连续消失19
号码26连续出现0;连续消失21
号码27连续出现0;连续消失15
号码28连续出现0;连续消失17
号码29连续出现0;连续消失22
号码30连续出现0;连续消失20
号码31连续出现0;连续消失20
号码32连续出现0;连续消失21
号码33连续出现0;连续消失19
蓝球近期出现频率统计：
号码1连续出现0;连续消失37
号码2连续出现0;连续消失38
号码3连续出现0;连续消失36
号码4连续出现0;连续消失36
号码5连续出现0;连续消失39
号码6连续出现0;连续消失40
号码7连续出现0;连续消失38
号码8连续出现0;连续消失38
号码9连续出现0;连续消失36
号码10连续出现0;连续消失37
号码11连续出现0;连续消失39
号码12连续出现0;连续消失38
号码13连续出现0;连续消失36
号码14连续出现0;连续消失36
号码15连续出现0;连续消失39
号码16连续出现0;连续消失36
红球近期出现频率统计：
号码1连续出现2;连续消失21
号码2连续出现1;连续消失19
号码3连续出现0;连续消失22
号码4连续出现0;连续消失23
号码5连续出现1;连续消失21
号码6连续出现1;连续消失18
号码7连续出现1;连续消失18
号码8连续出现0;连续消失21
号码9连续出现0;连续消失19
号码10连续出现0;连续消失19
号码11连续出现0;连续消失23
号码12连续出现0;连续消失21
号码13连续出现0;连续消失23
号码14连续出现0;连续消失21
号码15连续出现0;连续消失21
号码16连续出现1;连续消失21
号码17连续出现1;连续消失19
号码18连续出现0;连续消失20
号码19连续出现1;连续消失19
号码20连续出现1;连续消失17
号码21连续出现0;连续消失19
号码22连续出现0;连续消失22
号码23连续出现0;连续消失20
号码24连续出现1;连续消失20
号码25连续出现1;连续消失19
号码26连续出现2;连续消失21
号码27连续出现0;连续消失15
号码28连续出现1;连续消失17
号码29连续出现0;连续消失22
号码30连续出现2;连续消失20
号码31连续出现0;连续消失20
号码32连续出现1;连续消失21
号码33连续出现0;连续消失19
蓝球近期出现频率统计：
号码1连续出现0;连续消失37
号码2连续出现0;连续消失38
号码3连续出现1;连续消失36
号码4连续出现0;连续消失36
号码5连续出现0;连续消失39
号码6连续出现0;连续消失40
号码7连续出现0;连续消失38
号码8连续出现0;连续消失38
号码9连续出现0;连续消失36
号码10连续出现1;连续消失37
号码11连续出现0;连续消失39
号码12连续出现0;连续消失38
号码13连续出现0;连续消失36
号码14连续出现0;连续消失36
号码15连续出现0;连续消失39
号码16连续出现0;连续消失36
红球近期出现频率统计：
号码1连续出现2;连续消失0
号码2连续出现1;连续消失0
号码3连续出现0;连续消失22
号码4连续出现0;连续消失23
号码5连续出现1;连续消失0
号码6连续出现1;连续消失0
号码7连续出现1;连续消失0
号码8连续出现0;连续消失21
号码9连续出现0;连续消失19
号码10连续出现0;连续消失19
号码11连续出现0;连续消失23
号码12连续出现0;连续消失21
号码13连续出现0;连续消失23
号码14连续出现0;连续消失21
号码15连续出现0;连续消失21
号码16连续出现1;连续消失0
号码17连续出现1;连续消失0
号码18连续出现0;连续消失20
号码19连续出现1;连续消失0
号码20连续出现1;连续消失0
号码21连续出现0;连续消失19
号码22连续出现0;连续消失22
号码23连续出现0;连续消失20
号码24连续出现1;连续消失0
号码25连续出现1;连续消失0
号码26连续出现2;连续消失0
号码27连续出现0;连续消失15
号码28连续出现1;连续消失0
号码29连续出现0;连续消失22
号码30连续出现2;连续消失0
号码31连续出现0;连续消失20
号码32连续出现1;连续消失0
号码33连续出现0;连续消失19
蓝球近期出现频率统计：
号码1连续出现0;连续消失37
号码2连续出现0;连续消失38
号码3连续出现1;连续消失0
号码4连续出现0;连续消失36
号码5连续出现0;连续消失39
号码6连续出现0;连续消失40
号码7连续出现0;连续消失38
号码8连续出现0;连续消失38
号码9连续出现0;连续消失36
号码10连续出现1;连续消失0
号码11连续出现0;连续消失39
号码12连续出现0;连续消失38
号码13连续出现0;连续消失36
号码14连续出现0;连续消失36
号码15连续出现0;连续消失39
号码16连续出现0;连续消失36
红球近期出现频率统计：
号码1连续出现2;连续消失0
号码2连续出现1;连续消失0
号码3连续出现0;连续消失10
号码4连续出现0;连续消失9
号码5连续出现1;连续消失0
号码6连续出现0;连续消失1
号码7连续出现0;连续消失2
号码8连续出现0;连续消失5
号码9连续出现0;连续消失3
号码10连续出现0;连续消失3
号码11连续出现0;连续消失6
号码12连续出现0;连续消失6
号码13连续出现0;连续消失6
号码14连续出现0;连续消失6
号码15连续出现0;连续消失3
号码16连续出现0;连续消失2
号码17连续出现1;连续消失0
号码18连续出现0;连续消失5
号码19连续出现0;连续消失1
号码20连续出现0;连续消失2
号码21连续出现0;连续消失7
号码22连续出现0;连续消失7
号码23连续出现0;连续消失10
号码24连续出现0;连续消失2
号码25连续出现0;连续消失2
号码26连续出现2;连续消失0
号码27连续出现0;连续消失4
号码28连续出现0;连续消失1
号码29连续出现0;连续消失4
号码30连续出现0;连续消失1
号码31连续出现0;连续消失11
号码32连续出现1;连续消失0
号码33连续出现0;连续消失5
蓝球近期出现频率统计：
号码1连续出现0;连续消失10
号码2连续出现0;连续消失9
号码3连续出现0;连续消失1
号码4连续出现0;连续消失21
号码5连续出现0;连续消失31
号码6连续出现0;连续消失40
号码7连续出现0;连续消失2
号码8连续出现0;连续消失18
号码9连续出现0;连续消失19
号码10连续出现1;连续消失0
号码11连续出现0;连续消失37
号码12连续出现0;连续消失5
号码13连续出现0;连续消失6
号码14连续出现0;连续消失3
号码15连续出现0;连续消失7
号码16连续出现0;连续消失13
红球近期出现频率统计：
号码1连续出现2;连续消失0
号码2连续出现1;连续消失0
号码3连续出现0;连续消失10
号码4连续出现0;连续消失9
号码5连续出现1;连续消失0
号码6连续出现0;连续消失1
号码7连续出现0;连续消失2
号码8连续出现0;连续消失5
号码9连续出现0;连续消失3
号码10连续出现0;连续消失3
号码11连续出现0;连续消失6
号码12连续出现0;连续消失6
号码13连续出现0;连续消失6
号码14连续出现0;连续消失6
号码15连续出现0;连续消失3
号码16连续出现0;连续消失2
号码17连续出现1;连续消失0
号码18连续出现0;连续消失5
号码19连续出现0;连续消失1
号码20连续出现0;连续消失2
号码21连续出现0;连续消失7
号码22连续出现0;连续消失7
号码23连续出现0;连续消失10
号码24连续出现0;连续消失2
号码25连续出现0;连续消失2
号码26连续出现2;连续消失0
号码27连续出现0;连续消失4
号码28连续出现0;连续消失1
号码29连续出现0;连续消失4
号码30连续出现0;连续消失1
号码31连续出现0;连续消失11
号码32连续出现1;连续消失0
号码33连续出现0;连续消失5
蓝球近期出现频率统计：
号码1连续出现0;连续消失10
号码2连续出现0;连续消失9
号码3连续出现0;连续消失1
号码4连续出现0;连续消失21
号码5连续出现0;连续消失31
号码6连续出现0;连续消失41
号码7连续出现0;连续消失2
号码8连续出现0;连续消失18
号码9连续出现0;连续消失19
号码10连续出现1;连续消失0
号码11连续出现0;连续消失37
号码12连续出现0;连续消失5
号码13连续出现0;连续消失6
号码14连续出现0;连续消失3
号码15连续出现0;连续消失7
号码16连续出现0;连续消失13
红球近期出现频率统计：
号码1连续出现2次;连续消失0次
号码2连续出现1次;连续消失0次
号码5连续出现1次;连续消失0次
号码17连续出现1次;连续消失0次
号码26连续出现2次;连续消失0次
号码32连续出现1次;连续消失0次
号码6连续出现0次;连续消失1次
号码19连续出现0次;连续消失1次
号码28连续出现0次;连续消失1次
号码30连续出现0次;连续消失1次
号码7连续出现0次;连续消失2次
号码16连续出现0次;连续消失2次
号码20连续出现0次;连续消失2次
号码24连续出现0次;连续消失2次
号码25连续出现0次;连续消失2次
号码9连续出现0次;连续消失3次
号码10连续出现0次;连续消失3次
号码15连续出现0次;连续消失3次
号码27连续出现0次;连续消失4次
号码29连续出现0次;连续消失4次
号码8连续出现0次;连续消失5次
号码18连续出现0次;连续消失5次
号码33连续出现0次;连续消失5次
号码11连续出现0次;连续消失6次
号码12连续出现0次;连续消失6次
号码13连续出现0次;连续消失6次
号码14连续出现0次;连续消失6次
号码21连续出现0次;连续消失7次
号码22连续出现0次;连续消失7次
号码4连续出现0次;连续消失9次
号码3连续出现0次;连续消失10次
号码23连续出现0次;连续消失10次
号码31连续出现0次;连续消失11次
蓝球近期出现频率统计：
号码1连续出现0次;连续消失10次
号码2连续出现0次;连续消失9次
号码3连续出现0次;连续消失1次
号码4连续出现0次;连续消失21次
号码5连续出现0次;连续消失31次
号码6连续出现0次;连续消失41次
号码7连续出现0次;连续消失2次
号码8连续出现0次;连续消失18次
号码9连续出现0次;连续消失19次
号码10连续出现1次;连续消失0次
号码11连续出现0次;连续消失37次
号码12连续出现0次;连续消失5次
号码13连续出现0次;连续消失6次
号码14连续出现0次;连续消失3次
号码15连续出现0次;连续消失7次
号码16连续出现0次;连续消失13次
红球近期出现频率统计：
号码31连续出现0次;连续消失11次
号码3连续出现0次;连续消失10次
号码23连续出现0次;连续消失10次
号码4连续出现0次;连续消失9次
号码21连续出现0次;连续消失7次
号码22连续出现0次;连续消失7次
号码11连续出现0次;连续消失6次
号码12连续出现0次;连续消失6次
号码13连续出现0次;连续消失6次
号码14连续出现0次;连续消失6次
号码8连续出现0次;连续消失5次
号码18连续出现0次;连续消失5次
号码1连续出现2次;连续消失0次
号码2连续出现1次;连续消失0次
号码5连续出现1次;连续消失0次
号码6连续出现0次;连续消失1次
号码7连续出现0次;连续消失2次
号码9连续出现0次;连续消失3次
号码10连续出现0次;连续消失3次
号码27连续出现0次;连续消失4次
号码15连续出现0次;连续消失3次
号码16连续出现0次;连续消失2次
号码17连续出现1次;连续消失0次
号码19连续出现0次;连续消失1次
号码20连续出现0次;连续消失2次
号码29连续出现0次;连续消失4次
号码24连续出现0次;连续消失2次
号码25连续出现0次;连续消失2次
号码26连续出现2次;连续消失0次
号码28连续出现0次;连续消失1次
号码30连续出现0次;连续消失1次
号码32连续出现1次;连续消失0次
号码33连续出现0次;连续消失5次
蓝球近期出现频率统计：
号码1连续出现0次;连续消失10次
号码2连续出现0次;连续消失9次
号码3连续出现0次;连续消失1次
号码4连续出现0次;连续消失21次
号码5连续出现0次;连续消失31次
号码6连续出现0次;连续消失41次
号码7连续出现0次;连续消失2次
号码8连续出现0次;连续消失18次
号码9连续出现0次;连续消失19次
号码10连续出现1次;连续消失0次
号码11连续出现0次;连续消失37次
号码12连续出现0次;连续消失5次
号码13连续出现0次;连续消失6次
号码14连续出现0次;连续消失3次
号码15连续出现0次;连续消失7次
号码16连续出现0次;连续消失13次
红球近期出现频率统计：
号码31连续出现0次;连续消失11次
号码3连续出现0次;连续消失10次
号码23连续出现0次;连续消失10次
号码4连续出现0次;连续消失9次
号码21连续出现0次;连续消失7次
号码22连续出现0次;连续消失7次
号码11连续出现0次;连续消失6次
号码12连续出现0次;连续消失6次
号码13连续出现0次;连续消失6次
号码14连续出现0次;连续消失6次
号码8连续出现0次;连续消失5次
号码18连续出现0次;连续消失5次
号码33连续出现0次;连续消失5次
号码27连续出现0次;连续消失4次
号码29连续出现0次;连续消失4次
号码9连续出现0次;连续消失3次
号码10连续出现0次;连续消失3次
号码15连续出现0次;连续消失3次
号码7连续出现0次;连续消失2次
号码16连续出现0次;连续消失2次
号码20连续出现0次;连续消失2次
号码24连续出现0次;连续消失2次
号码25连续出现0次;连续消失2次
号码6连续出现0次;连续消失1次
号码19连续出现0次;连续消失1次
号码28连续出现0次;连续消失1次
号码30连续出现0次;连续消失1次
号码1连续出现2次;连续消失0次
号码2连续出现1次;连续消失0次
号码5连续出现1次;连续消失0次
号码17连续出现1次;连续消失0次
号码26连续出现2次;连续消失0次
号码32连续出现1次;连续消失0次
蓝球近期出现频率统计：
号码1连续出现0次;连续消失10次
号码2连续出现0次;连续消失9次
号码3连续出现0次;连续消失1次
号码4连续出现0次;连续消失21次
号码5连续出现0次;连续消失31次
号码6连续出现0次;连续消失41次
号码7连续出现0次;连续消失2次
号码8连续出现0次;连续消失18次
号码9连续出现0次;连续消失19次
号码10连续出现1次;连续消失0次
号码11连续出现0次;连续消失37次
号码12连续出现0次;连续消失5次
号码13连续出现0次;连续消失6次
号码14连续出现0次;连续消失3次
号码15连续出现0次;连续消失7次
号码16连续出现0次;连续消失13次
红球近期出现频率统计：
号码31连续出现0次;连续消失11次
号码3连续出现0次;连续消失10次
号码23连续出现0次;连续消失10次
号码4连续出现0次;连续消失9次
号码21连续出现0次;连续消失7次
号码22连续出现0次;连续消失7次
号码11连续出现0次;连续消失6次
号码12连续出现0次;连续消失6次
号码13连续出现0次;连续消失6次
号码14连续出现0次;连续消失6次
号码8连续出现0次;连续消失5次
号码18连续出现0次;连续消失5次
号码33连续出现0次;连续消失5次
号码27连续出现0次;连续消失4次
号码29连续出现0次;连续消失4次
号码9连续出现0次;连续消失3次
号码10连续出现0次;连续消失3次
号码15连续出现0次;连续消失3次
号码7连续出现0次;连续消失2次
号码16连续出现0次;连续消失2次
号码20连续出现0次;连续消失2次
号码24连续出现0次;连续消失2次
号码25连续出现0次;连续消失2次
号码6连续出现0次;连续消失1次
号码19连续出现0次;连续消失1次
号码28连续出现0次;连续消失1次
号码30连续出现0次;连续消失1次
号码1连续出现2次;连续消失0次
号码2连续出现1次;连续消失0次
号码5连续出现1次;连续消失0次
号码17连续出现1次;连续消失0次
号码26连续出现2次;连续消失0次
号码32连续出现1次;连续消失0次
蓝球近期出现频率统计：
号码6连续出现0次;连续消失41次
号码11连续出现0次;连续消失37次
号码5连续出现0次;连续消失31次
号码4连续出现0次;连续消失21次
号码9连续出现0次;连续消失19次
号码8连续出现0次;连续消失18次
号码16连续出现0次;连续消失13次
号码1连续出现0次;连续消失10次
号码2连续出现0次;连续消失9次
号码15连续出现0次;连续消失7次
号码13连续出现0次;连续消失6次
号码12连续出现0次;连续消失5次
号码14连续出现0次;连续消失3次
号码7连续出现0次;连续消失2次
号码3连续出现0次;连续消失1次
号码10连续出现1次;连续消失0次
url:http://www.baidu.com.cn/s?wd=双色球
action:
该期号已经存在，不插入
红球近期出现频率统计：
号码31连续出现0次;连续消失11次
号码3连续出现0次;连续消失10次
号码23连续出现0次;连续消失10次
号码4连续出现0次;连续消失9次
号码21连续出现0次;连续消失7次
号码22连续出现0次;连续消失7次
号码11连续出现0次;连续消失6次
号码12连续出现0次;连续消失6次
号码13连续出现0次;连续消失6次
号码14连续出现0次;连续消失6次
号码8连续出现0次;连续消失5次
号码18连续出现0次;连续消失5次
号码33连续出现0次;连续消失5次
号码27连续出现0次;连续消失4次
号码29连续出现0次;连续消失4次
号码9连续出现0次;连续消失3次
号码10连续出现0次;连续消失3次
号码15连续出现0次;连续消失3次
号码7连续出现0次;连续消失2次
号码16连续出现0次;连续消失2次
号码20连续出现0次;连续消失2次
号码24连续出现0次;连续消失2次
号码25连续出现0次;连续消失2次
号码6连续出现0次;连续消失1次
号码19连续出现0次;连续消失1次
号码28连续出现0次;连续消失1次
号码30连续出现0次;连续消失1次
号码1连续出现2次;连续消失0次
号码2连续出现1次;连续消失0次
号码5连续出现1次;连续消失0次
号码17连续出现1次;连续消失0次
号码26连续出现2次;连续消失0次
号码32连续出现1次;连续消失0次
蓝球近期出现频率统计：
号码6连续出现0次;连续消失41次
号码11连续出现0次;连续消失37次
号码5连续出现0次;连续消失31次
号码4连续出现0次;连续消失21次
号码9连续出现0次;连续消失19次
号码8连续出现0次;连续消失18次
号码16连续出现0次;连续消失13次
号码1连续出现0次;连续消失10次
号码2连续出现0次;连续消失9次
号码15连续出现0次;连续消失7次
号码13连续出现0次;连续消失6次
号码12连续出现0次;连续消失5次
号码14连续出现0次;连续消失3次
号码7连续出现0次;连续消失2次
号码3连续出现0次;连续消失1次
号码10连续出现1次;连续消失0次
红球近期出现频率统计：
号码31连续出现0次;连续消失11次
号码3连续出现0次;连续消失10次
号码23连续出现0次;连续消失10次
号码4连续出现0次;连续消失9次
号码21连续出现0次;连续消失7次
号码22连续出现0次;连续消失7次
号码11连续出现0次;连续消失6次
号码12连续出现0次;连续消失6次
号码13连续出现0次;连续消失6次
号码14连续出现0次;连续消失6次
号码8连续出现0次;连续消失5次
号码18连续出现0次;连续消失5次
号码33连续出现0次;连续消失5次
号码27连续出现0次;连续消失4次
号码29连续出现0次;连续消失4次
号码9连续出现0次;连续消失3次
号码10连续出现0次;连续消失3次
号码15连续出现0次;连续消失3次
号码7连续出现0次;连续消失2次
号码16连续出现0次;连续消失2次
号码20连续出现0次;连续消失2次
号码24连续出现0次;连续消失2次
号码25连续出现0次;连续消失2次
号码6连续出现0次;连续消失1次
号码19连续出现0次;连续消失1次
号码28连续出现0次;连续消失1次
号码30连续出现0次;连续消失1次
号码1连续出现2次;连续消失0次
号码2连续出现1次;连续消失0次
号码5连续出现1次;连续消失0次
号码17连续出现1次;连续消失0次
号码26连续出现2次;连续消失0次
号码32连续出现1次;连续消失0次
蓝球近期出现频率统计：
号码6连续出现0次;连续消失41次
号码11连续出现0次;连续消失37次
号码5连续出现0次;连续消失31次
号码4连续出现0次;连续消失21次
号码9连续出现0次;连续消失19次
号码8连续出现0次;连续消失18次
号码16连续出现0次;连续消失13次
号码1连续出现0次;连续消失10次
号码2连续出现0次;连续消失9次
号码15连续出现0次;连续消失7次
号码13连续出现0次;连续消失6次
号码12连续出现0次;连续消失5次
号码14连续出现0次;连续消失3次
号码7连续出现0次;连续消失2次
号码3连续出现0次;连续消失1次
号码10连续出现1次;连续消失0次
红球近期出现频率统计：
号码31连续出现0次;连续消失11次
号码3连续出现0次;连续消失10次
号码23连续出现0次;连续消失10次
号码4连续出现0次;连续消失9次
号码21连续出现0次;连续消失7次
号码22连续出现0次;连续消失7次
号码11连续出现0次;连续消失6次
号码12连续出现0次;连续消失6次
号码13连续出现0次;连续消失6次
号码14连续出现0次;连续消失6次
号码8连续出现0次;连续消失5次
号码18连续出现0次;连续消失5次
号码33连续出现0次;连续消失5次
号码27连续出现0次;连续消失4次
号码29连续出现0次;连续消失4次
号码9连续出现0次;连续消失3次
号码10连续出现0次;连续消失3次
号码15连续出现0次;连续消失3次
号码7连续出现0次;连续消失2次
号码16连续出现0次;连续消失2次
号码20连续出现0次;连续消失2次
号码24连续出现0次;连续消失2次
号码25连续出现0次;连续消失2次
号码6连续出现0次;连续消失1次
号码19连续出现0次;连续消失1次
号码28连续出现0次;连续消失1次
号码30连续出现0次;连续消失1次
号码1连续出现2次;连续消失0次
号码2连续出现1次;连续消失0次
号码5连续出现1次;连续消失0次
号码17连续出现1次;连续消失0次
号码26连续出现2次;连续消失0次
号码32连续出现1次;连续消失0次
蓝球近期出现频率统计：
号码6连续出现0次;连续消失41次
号码11连续出现0次;连续消失37次
号码5连续出现0次;连续消失31次
号码4连续出现0次;连续消失21次
号码9连续出现0次;连续消失19次
号码8连续出现0次;连续消失18次
号码16连续出现0次;连续消失13次
号码1连续出现0次;连续消失10次
号码2连续出现0次;连续消失9次
号码15连续出现0次;连续消失7次
号码13连续出现0次;连续消失6次
号码12连续出现0次;连续消失5次
号码14连续出现0次;连续消失3次
号码7连续出现0次;连续消失2次
号码3连续出现0次;连续消失1次
号码10连续出现1次;连续消失0次
红球近期出现频率统计：
号码31连续出现0次;连续消失11次
号码3连续出现0次;连续消失10次
号码23连续出现0次;连续消失10次
号码4连续出现0次;连续消失9次
号码21连续出现0次;连续消失7次
号码22连续出现0次;连续消失7次
号码11连续出现0次;连续消失6次
号码12连续出现0次;连续消失6次
号码13连续出现0次;连续消失6次
号码14连续出现0次;连续消失6次
号码8连续出现0次;连续消失5次
号码18连续出现0次;连续消失5次
号码33连续出现0次;连续消失5次
号码27连续出现0次;连续消失4次
号码29连续出现0次;连续消失4次
号码9连续出现0次;连续消失3次
号码10连续出现0次;连续消失3次
号码15连续出现0次;连续消失3次
号码7连续出现0次;连续消失2次
号码16连续出现0次;连续消失2次
号码20连续出现0次;连续消失2次
号码24连续出现0次;连续消失2次
号码25连续出现0次;连续消失2次
号码6连续出现0次;连续消失1次
号码19连续出现0次;连续消失1次
号码28连续出现0次;连续消失1次
号码30连续出现0次;连续消失1次
号码1连续出现2次;连续消失0次
号码2连续出现1次;连续消失0次
号码5连续出现1次;连续消失0次
号码17连续出现1次;连续消失0次
号码26连续出现2次;连续消失0次
号码32连续出现1次;连续消失0次
蓝球近期出现频率统计：
号码6连续出现0次;连续消失41次
号码11连续出现0次;连续消失37次
号码5连续出现0次;连续消失31次
号码4连续出现0次;连续消失21次
号码9连续出现0次;连续消失19次
号码8连续出现0次;连续消失18次
号码16连续出现0次;连续消失13次
号码1连续出现0次;连续消失10次
号码2连续出现0次;连续消失9次
号码15连续出现0次;连续消失7次
号码13连续出现0次;连续消失6次
号码12连续出现0次;连续消失5次
号码14连续出现0次;连续消失3次
号码7连续出现0次;连续消失2次
号码3连续出现0次;连续消失1次
号码10连续出现1次;连续消失0次
红球近期出现频率统计：
号码31连续出现0次;连续消失11次
号码3连续出现0次;连续消失10次
号码23连续出现0次;连续消失10次
号码4连续出现0次;连续消失9次
号码21连续出现0次;连续消失7次
号码22连续出现0次;连续消失7次
号码11连续出现0次;连续消失6次
号码12连续出现0次;连续消失6次
号码13连续出现0次;连续消失6次
号码14连续出现0次;连续消失6次
号码8连续出现0次;连续消失5次
号码18连续出现0次;连续消失5次
号码33连续出现0次;连续消失5次
号码27连续出现0次;连续消失4次
号码29连续出现0次;连续消失4次
号码9连续出现0次;连续消失3次
号码10连续出现0次;连续消失3次
号码15连续出现0次;连续消失3次
号码7连续出现0次;连续消失2次
号码16连续出现0次;连续消失2次
号码20连续出现0次;连续消失2次
号码24连续出现0次;连续消失2次
号码25连续出现0次;连续消失2次
号码6连续出现0次;连续消失1次
号码19连续出现0次;连续消失1次
号码28连续出现0次;连续消失1次
号码30连续出现0次;连续消失1次
号码1连续出现2次;连续消失0次
号码2连续出现1次;连续消失0次
号码5连续出现1次;连续消失0次
号码17连续出现1次;连续消失0次
号码26连续出现2次;连续消失0次
号码32连续出现1次;连续消失0次
蓝球近期出现频率统计：
号码6连续出现0次;连续消失41次
号码11连续出现0次;连续消失37次
号码5连续出现0次;连续消失31次
号码4连续出现0次;连续消失21次
号码9连续出现0次;连续消失19次
号码8连续出现0次;连续消失18次
号码16连续出现0次;连续消失13次
号码1连续出现0次;连续消失10次
号码2连续出现0次;连续消失9次
号码15连续出现0次;连续消失7次
号码13连续出现0次;连续消失6次
号码12连续出现0次;连续消失5次
号码14连续出现0次;连续消失3次
号码7连续出现0次;连续消失2次
号码3连续出现0次;连续消失1次
号码10连续出现1次;连续消失0次
红球近期出现频率统计：
号码31连续出现0次;连续消失11次
号码3连续出现0次;连续消失10次
号码23连续出现0次;连续消失10次
号码4连续出现0次;连续消失9次
号码21连续出现0次;连续消失7次
号码22连续出现0次;连续消失7次
号码11连续出现0次;连续消失6次
号码12连续出现0次;连续消失6次
号码13连续出现0次;连续消失6次
号码14连续出现0次;连续消失6次
号码8连续出现0次;连续消失5次
号码18连续出现0次;连续消失5次
号码33连续出现0次;连续消失5次
号码27连续出现0次;连续消失4次
号码29连续出现0次;连续消失4次
号码9连续出现0次;连续消失3次
号码10连续出现0次;连续消失3次
号码15连续出现0次;连续消失3次
号码7连续出现0次;连续消失2次
号码16连续出现0次;连续消失2次
号码20连续出现0次;连续消失2次
号码24连续出现0次;连续消失2次
号码25连续出现0次;连续消失2次
号码6连续出现0次;连续消失1次
号码19连续出现0次;连续消失1次
号码28连续出现0次;连续消失1次
号码30连续出现0次;连续消失1次
号码1连续出现2次;连续消失0次
号码2连续出现1次;连续消失0次
号码5连续出现1次;连续消失0次
号码17连续出现1次;连续消失0次
号码26连续出现2次;连续消失0次
号码32连续出现1次;连续消失0次
蓝球近期出现频率统计：
号码6连续出现0次;连续消失41次
号码11连续出现0次;连续消失37次
号码5连续出现0次;连续消失31次
号码4连续出现0次;连续消失21次
号码9连续出现0次;连续消失19次
号码8连续出现0次;连续消失18次
号码16连续出现0次;连续消失13次
号码1连续出现0次;连续消失10次
号码2连续出现0次;连续消失9次
号码15连续出现0次;连续消失7次
号码13连续出现0次;连续消失6次
号码12连续出现0次;连续消失5次
号码14连续出现0次;连续消失3次
号码7连续出现0次;连续消失2次
号码3连续出现0次;连续消失1次
号码10连续出现1次;连续消失0次
红球近期出现频率统计：
号码31连续出现0次;连续消失11次;近20期该号码出现2次
号码3连续出现0次;连续消失10次;近20期该号码出现2次
号码23连续出现0次;连续消失10次;近20期该号码出现3次
号码4连续出现0次;连续消失9次;近20期该号码出现2次
号码21连续出现0次;连续消失7次;近20期该号码出现4次
号码22连续出现0次;连续消失7次;近20期该号码出现2次
号码11连续出现0次;连续消失6次;近20期该号码出现2次
号码12连续出现0次;连续消失6次;近20期该号码出现4次
号码13连续出现0次;连续消失6次;近20期该号码出现2次
号码14连续出现0次;连续消失6次;近20期该号码出现2次
号码8连续出现0次;连续消失5次;近20期该号码出现4次
号码18连续出现0次;连续消失5次;近20期该号码出现4次
号码33连续出现0次;连续消失5次;近20期该号码出现4次
号码27连续出现0次;连续消失4次;近20期该号码出现9次
号码29连续出现0次;连续消失4次;近20期该号码出现3次
号码9连续出现0次;连续消失3次;近20期该号码出现4次
号码10连续出现0次;连续消失3次;近20期该号码出现5次
号码15连续出现0次;连续消失3次;近20期该号码出现4次
号码7连续出现0次;连续消失2次;近20期该号码出现4次
号码16连续出现0次;连续消失2次;近20期该号码出现2次
号码20连续出现0次;连续消失2次;近20期该号码出现5次
号码24连续出现0次;连续消失2次;近20期该号码出现3次
号码25连续出现0次;连续消失2次;近20期该号码出现3次
号码6连续出现0次;连续消失1次;近20期该号码出现5次
号码19连续出现0次;连续消失1次;近20期该号码出现4次
号码28连续出现0次;连续消失1次;近20期该号码出现5次
号码30连续出现0次;连续消失1次;近20期该号码出现3次
号码1连续出现2次;连续消失0次;近20期该号码出现4次
号码2连续出现1次;连续消失0次;近20期该号码出现5次
号码5连续出现1次;连续消失0次;近20期该号码出现3次
号码17连续出现1次;连续消失0次;近20期该号码出现5次
号码26连续出现2次;连续消失0次;近20期该号码出现4次
号码32连续出现1次;连续消失0次;近20期该号码出现3次
蓝球近期出现频率统计：
号码6连续出现0次;连续消失41次;近20期该号码出现0次
号码11连续出现0次;连续消失37次;近20期该号码出现0次
号码5连续出现0次;连续消失31次;近20期该号码出现0次
号码4连续出现0次;连续消失21次;近20期该号码出现0次
号码9连续出现0次;连续消失19次;近20期该号码出现1次
号码8连续出现0次;连续消失18次;近20期该号码出现1次
号码16连续出现0次;连续消失13次;近20期该号码出现2次
号码1连续出现0次;连续消失10次;近20期该号码出现1次
号码2连续出现0次;连续消失9次;近20期该号码出现1次
号码15连续出现0次;连续消失7次;近20期该号码出现1次
号码13连续出现0次;连续消失6次;近20期该号码出现2次
号码12连续出现0次;连续消失5次;近20期该号码出现1次
号码14连续出现0次;连续消失3次;近20期该号码出现2次
号码7连续出现0次;连续消失2次;近20期该号码出现2次
号码3连续出现0次;连续消失1次;近20期该号码出现3次
号码10连续出现1次;连续消失0次;近20期该号码出现3次
红球近期出现频率统计：
号码31连续出现0次;连续消失11次;近20期该号码出现2次
号码3连续出现0次;连续消失10次;近20期该号码出现2次
号码23连续出现0次;连续消失10次;近20期该号码出现3次
号码4连续出现0次;连续消失9次;近20期该号码出现2次
号码21连续出现0次;连续消失7次;近20期该号码出现4次
号码22连续出现0次;连续消失7次;近20期该号码出现2次
号码11连续出现0次;连续消失6次;近20期该号码出现2次
号码12连续出现0次;连续消失6次;近20期该号码出现4次
号码13连续出现0次;连续消失6次;近20期该号码出现2次
号码14连续出现0次;连续消失6次;近20期该号码出现2次
号码8连续出现0次;连续消失5次;近20期该号码出现4次
号码18连续出现0次;连续消失5次;近20期该号码出现4次
号码33连续出现0次;连续消失5次;近20期该号码出现4次
号码27连续出现0次;连续消失4次;近20期该号码出现9次
号码29连续出现0次;连续消失4次;近20期该号码出现3次
号码9连续出现0次;连续消失3次;近20期该号码出现4次
号码10连续出现0次;连续消失3次;近20期该号码出现5次
号码15连续出现0次;连续消失3次;近20期该号码出现4次
号码7连续出现0次;连续消失2次;近20期该号码出现4次
号码16连续出现0次;连续消失2次;近20期该号码出现2次
号码20连续出现0次;连续消失2次;近20期该号码出现5次
号码24连续出现0次;连续消失2次;近20期该号码出现3次
号码25连续出现0次;连续消失2次;近20期该号码出现3次
号码6连续出现0次;连续消失1次;近20期该号码出现5次
号码19连续出现0次;连续消失1次;近20期该号码出现4次
号码28连续出现0次;连续消失1次;近20期该号码出现5次
号码30连续出现0次;连续消失1次;近20期该号码出现3次
号码1连续出现2次;连续消失0次;近20期该号码出现4次
号码2连续出现1次;连续消失0次;近20期该号码出现5次
号码5连续出现1次;连续消失0次;近20期该号码出现3次
号码17连续出现1次;连续消失0次;近20期该号码出现5次
号码26连续出现2次;连续消失0次;近20期该号码出现4次
号码32连续出现1次;连续消失0次;近20期该号码出现3次

蓝球近期出现频率统计：
号码6连续出现0次;连续消失41次;近100期该号码出现3次
号码11连续出现0次;连续消失37次;近100期该号码出现5次
号码5连续出现0次;连续消失31次;近100期该号码出现4次
号码4连续出现0次;连续消失21次;近100期该号码出现10次
号码9连续出现0次;连续消失19次;近100期该号码出现8次
号码8连续出现0次;连续消失18次;近100期该号码出现5次
号码16连续出现0次;连续消失13次;近100期该号码出现8次
号码1连续出现0次;连续消失10次;近100期该号码出现10次
号码2连续出现0次;连续消失9次;近100期该号码出现6次
号码15连续出现0次;连续消失7次;近100期该号码出现3次
号码13连续出现0次;连续消失6次;近100期该号码出现5次
号码12连续出现0次;连续消失5次;近100期该号码出现7次
号码14连续出现0次;连续消失3次;近100期该号码出现8次
号码7连续出现0次;连续消失2次;近100期该号码出现7次
号码3连续出现0次;连续消失1次;近100期该号码出现5次
号码10连续出现1次;连续消失0次;近100期该号码出现6次

url:http://localhost:9001/api/ball/analysis
action:null
url:http://localhost:9001/api/ball/analysis
action:null
url:http://localhost:9001/api/ball/analysis
action:null
url:http://localhost:9001/api/ball/analysis
action:null
红球近期出现频率统计：
号码31连续出现0次;连续未出现11次;近20期该号码出现2次
号码3连续出现0次;连续未出现10次;近20期该号码出现2次
号码23连续出现0次;连续未出现10次;近20期该号码出现3次
号码4连续出现0次;连续未出现9次;近20期该号码出现2次
号码21连续出现0次;连续未出现7次;近20期该号码出现4次
号码22连续出现0次;连续未出现7次;近20期该号码出现2次
号码11连续出现0次;连续未出现6次;近20期该号码出现2次
号码12连续出现0次;连续未出现6次;近20期该号码出现4次
号码13连续出现0次;连续未出现6次;近20期该号码出现2次
号码14连续出现0次;连续未出现6次;近20期该号码出现2次
号码8连续出现0次;连续未出现5次;近20期该号码出现4次
号码18连续出现0次;连续未出现5次;近20期该号码出现4次
号码33连续出现0次;连续未出现5次;近20期该号码出现4次
号码27连续出现0次;连续未出现4次;近20期该号码出现9次
号码29连续出现0次;连续未出现4次;近20期该号码出现3次
号码9连续出现0次;连续未出现3次;近20期该号码出现4次
号码10连续出现0次;连续未出现3次;近20期该号码出现5次
号码15连续出现0次;连续未出现3次;近20期该号码出现4次
号码7连续出现0次;连续未出现2次;近20期该号码出现4次
号码16连续出现0次;连续未出现2次;近20期该号码出现2次
号码20连续出现0次;连续未出现2次;近20期该号码出现5次
号码24连续出现0次;连续未出现2次;近20期该号码出现3次
号码25连续出现0次;连续未出现2次;近20期该号码出现3次
号码6连续出现0次;连续未出现1次;近20期该号码出现5次
号码19连续出现0次;连续未出现1次;近20期该号码出现4次
号码28连续出现0次;连续未出现1次;近20期该号码出现5次
号码30连续出现0次;连续未出现1次;近20期该号码出现3次
号码1连续出现2次;连续未出现0次;近20期该号码出现4次
号码2连续出现1次;连续未出现0次;近20期该号码出现5次
号码5连续出现1次;连续未出现0次;近20期该号码出现3次
号码17连续出现1次;连续未出现0次;近20期该号码出现5次
号码26连续出现2次;连续未出现0次;近20期该号码出现4次
号码32连续出现1次;连续未出现0次;近20期该号码出现3次

蓝球近期出现频率统计：
号码6连续出现0次;连续未出现41次;近100期该号码出现3次
号码11连续出现0次;连续未出现37次;近100期该号码出现5次
号码5连续出现0次;连续未出现31次;近100期该号码出现4次
号码4连续出现0次;连续未出现21次;近100期该号码出现10次
号码9连续出现0次;连续未出现19次;近100期该号码出现8次
号码8连续出现0次;连续未出现18次;近100期该号码出现5次
号码16连续出现0次;连续未出现13次;近100期该号码出现8次
号码1连续出现0次;连续未出现10次;近100期该号码出现10次
号码2连续出现0次;连续未出现9次;近100期该号码出现6次
号码15连续出现0次;连续未出现7次;近100期该号码出现3次
号码13连续出现0次;连续未出现6次;近100期该号码出现5次
号码12连续出现0次;连续未出现5次;近100期该号码出现7次
号码14连续出现0次;连续未出现3次;近100期该号码出现8次
号码7连续出现0次;连续未出现2次;近100期该号码出现7次
号码3连续出现0次;连续未出现1次;近100期该号码出现5次
号码10连续出现1次;连续未出现0次;近100期该号码出现6次

红球近期出现频率统计：
号码31连续出现0次;连续未出现11次;近20期该号码出现2次
号码3连续出现0次;连续未出现10次;近20期该号码出现2次
号码23连续出现0次;连续未出现10次;近20期该号码出现3次
号码4连续出现0次;连续未出现9次;近20期该号码出现2次
号码21连续出现0次;连续未出现7次;近20期该号码出现4次
号码22连续出现0次;连续未出现7次;近20期该号码出现2次
号码11连续出现0次;连续未出现6次;近20期该号码出现2次
号码12连续出现0次;连续未出现6次;近20期该号码出现4次
号码13连续出现0次;连续未出现6次;近20期该号码出现2次
号码14连续出现0次;连续未出现6次;近20期该号码出现2次
号码8连续出现0次;连续未出现5次;近20期该号码出现4次
号码18连续出现0次;连续未出现5次;近20期该号码出现4次
号码33连续出现0次;连续未出现5次;近20期该号码出现4次
号码27连续出现0次;连续未出现4次;近20期该号码出现9次
号码29连续出现0次;连续未出现4次;近20期该号码出现3次
号码9连续出现0次;连续未出现3次;近20期该号码出现4次
号码10连续出现0次;连续未出现3次;近20期该号码出现5次
号码15连续出现0次;连续未出现3次;近20期该号码出现4次
号码7连续出现0次;连续未出现2次;近20期该号码出现4次
号码16连续出现0次;连续未出现2次;近20期该号码出现2次
号码20连续出现0次;连续未出现2次;近20期该号码出现5次
号码24连续出现0次;连续未出现2次;近20期该号码出现3次
号码25连续出现0次;连续未出现2次;近20期该号码出现3次
号码6连续出现0次;连续未出现1次;近20期该号码出现5次
号码19连续出现0次;连续未出现1次;近20期该号码出现4次
号码28连续出现0次;连续未出现1次;近20期该号码出现5次
号码30连续出现0次;连续未出现1次;近20期该号码出现3次
号码1连续出现2次;连续未出现0次;近20期该号码出现4次
号码2连续出现1次;连续未出现0次;近20期该号码出现5次
号码5连续出现1次;连续未出现0次;近20期该号码出现3次
号码17连续出现1次;连续未出现0次;近20期该号码出现5次
号码26连续出现2次;连续未出现0次;近20期该号码出现4次
号码32连续出现1次;连续未出现0次;近20期该号码出现3次

蓝球近期出现频率统计：
号码6连续出现0次;连续未出现41次;近100期该号码出现3次
号码11连续出现0次;连续未出现37次;近100期该号码出现5次
号码5连续出现0次;连续未出现31次;近100期该号码出现4次
号码4连续出现0次;连续未出现21次;近100期该号码出现10次
号码9连续出现0次;连续未出现19次;近100期该号码出现8次
号码8连续出现0次;连续未出现18次;近100期该号码出现5次
号码16连续出现0次;连续未出现13次;近100期该号码出现8次
号码1连续出现0次;连续未出现10次;近100期该号码出现10次
号码2连续出现0次;连续未出现9次;近100期该号码出现6次
号码15连续出现0次;连续未出现7次;近100期该号码出现3次
号码13连续出现0次;连续未出现6次;近100期该号码出现5次
号码12连续出现0次;连续未出现5次;近100期该号码出现7次
号码14连续出现0次;连续未出现3次;近100期该号码出现8次
号码7连续出现0次;连续未出现2次;近100期该号码出现7次
号码3连续出现0次;连续未出现1次;近100期该号码出现5次
号码10连续出现1次;连续未出现0次;近100期该号码出现6次

推荐号码：31
推荐号码：3
推荐号码：23
推荐号码：4
推荐号码：21
推荐号码：22
推荐号码：6
推荐号码：11
推荐号码：5
{"mustRedNumberList":[],"needRedNumberList":[{"number":31,"continueCount":0,"dismissCount":11,"isShow":true,"isNotShow":true,"showCount":2},{"number":3,"continueCount":0,"dismissCount":10,"isShow":true,"isNotShow":true,"showCount":2},{"number":23,"continueCount":0,"dismissCount":10,"isShow":true,"isNotShow":true,"showCount":3},{"number":4,"continueCount":0,"dismissCount":9,"isShow":true,"isNotShow":true,"showCount":2},{"number":21,"continueCount":0,"dismissCount":7,"isShow":true,"isNotShow":true,"showCount":4},{"number":22,"continueCount":0,"dismissCount":7,"isShow":true,"isNotShow":true,"showCount":2}]}
{"redBall":{"mustNumberList":[],"needNumberList":[{"number":31,"continueCount":0,"dismissCount":11,"isShow":true,"isNotShow":true,"showCount":2},{"number":3,"continueCount":0,"dismissCount":10,"isShow":true,"isNotShow":true,"showCount":2},{"number":23,"continueCount":0,"dismissCount":10,"isShow":true,"isNotShow":true,"showCount":3},{"number":4,"continueCount":0,"dismissCount":9,"isShow":true,"isNotShow":true,"showCount":2},{"number":21,"continueCount":0,"dismissCount":7,"isShow":true,"isNotShow":true,"showCount":4},{"number":22,"continueCount":0,"dismissCount":7,"isShow":true,"isNotShow":true,"showCount":2}]},"blueBall":{"mustNumberList":[],"needNumberList":[{"number":6,"continueCount":0,"dismissCount":41,"isShow":true,"isNotShow":true,"showCount":3},{"number":11,"continueCount":0,"dismissCount":37,"isShow":true,"isNotShow":true,"showCount":5},{"number":5,"continueCount":0,"dismissCount":31,"isShow":true,"isNotShow":true,"showCount":4}]}}
红球近期出现频率统计：
号码31连续出现0次;连续未出现11次;近20期该号码出现2次
号码3连续出现0次;连续未出现10次;近20期该号码出现2次
号码23连续出现0次;连续未出现10次;近20期该号码出现3次
号码4连续出现0次;连续未出现9次;近20期该号码出现2次
号码21连续出现0次;连续未出现7次;近20期该号码出现4次
号码22连续出现0次;连续未出现7次;近20期该号码出现2次
号码11连续出现0次;连续未出现6次;近20期该号码出现2次
号码12连续出现0次;连续未出现6次;近20期该号码出现4次
号码13连续出现0次;连续未出现6次;近20期该号码出现2次
号码14连续出现0次;连续未出现6次;近20期该号码出现2次
号码8连续出现0次;连续未出现5次;近20期该号码出现4次
号码18连续出现0次;连续未出现5次;近20期该号码出现4次
号码33连续出现0次;连续未出现5次;近20期该号码出现4次
号码27连续出现0次;连续未出现4次;近20期该号码出现9次
号码29连续出现0次;连续未出现4次;近20期该号码出现3次
号码9连续出现0次;连续未出现3次;近20期该号码出现4次
号码10连续出现0次;连续未出现3次;近20期该号码出现5次
号码15连续出现0次;连续未出现3次;近20期该号码出现4次
号码7连续出现0次;连续未出现2次;近20期该号码出现4次
号码16连续出现0次;连续未出现2次;近20期该号码出现2次
号码20连续出现0次;连续未出现2次;近20期该号码出现5次
号码24连续出现0次;连续未出现2次;近20期该号码出现3次
号码25连续出现0次;连续未出现2次;近20期该号码出现3次
号码6连续出现0次;连续未出现1次;近20期该号码出现5次
号码19连续出现0次;连续未出现1次;近20期该号码出现4次
号码28连续出现0次;连续未出现1次;近20期该号码出现5次
号码30连续出现0次;连续未出现1次;近20期该号码出现3次
号码1连续出现2次;连续未出现0次;近20期该号码出现4次
号码2连续出现1次;连续未出现0次;近20期该号码出现5次
号码5连续出现1次;连续未出现0次;近20期该号码出现3次
号码17连续出现1次;连续未出现0次;近20期该号码出现5次
号码26连续出现2次;连续未出现0次;近20期该号码出现4次
号码32连续出现1次;连续未出现0次;近20期该号码出现3次

蓝球近期出现频率统计：
号码6连续出现0次;连续未出现41次;近100期该号码出现3次
号码11连续出现0次;连续未出现37次;近100期该号码出现5次
号码5连续出现0次;连续未出现31次;近100期该号码出现4次
号码4连续出现0次;连续未出现21次;近100期该号码出现10次
号码9连续出现0次;连续未出现19次;近100期该号码出现8次
号码8连续出现0次;连续未出现18次;近100期该号码出现5次
号码16连续出现0次;连续未出现13次;近100期该号码出现8次
号码1连续出现0次;连续未出现10次;近100期该号码出现10次
号码2连续出现0次;连续未出现9次;近100期该号码出现6次
号码15连续出现0次;连续未出现7次;近100期该号码出现3次
号码13连续出现0次;连续未出现6次;近100期该号码出现5次
号码12连续出现0次;连续未出现5次;近100期该号码出现7次
号码14连续出现0次;连续未出现3次;近100期该号码出现8次
号码7连续出现0次;连续未出现2次;近100期该号码出现7次
号码3连续出现0次;连续未出现1次;近100期该号码出现5次
号码10连续出现1次;连续未出现0次;近100期该号码出现6次

{"redBall":{"mustNumberList":[],"needNumberList":[{"number":31,"continueCount":0,"dismissCount":11,"isShow":true,"isNotShow":true,"showCount":2},{"number":3,"continueCount":0,"dismissCount":10,"isShow":true,"isNotShow":true,"showCount":2},{"number":23,"continueCount":0,"dismissCount":10,"isShow":true,"isNotShow":true,"showCount":3},{"number":4,"continueCount":0,"dismissCount":9,"isShow":true,"isNotShow":true,"showCount":2},{"number":21,"continueCount":0,"dismissCount":7,"isShow":true,"isNotShow":true,"showCount":4},{"number":22,"continueCount":0,"dismissCount":7,"isShow":true,"isNotShow":true,"showCount":2}]},"blueBall":{"mustNumberList":[],"needNumberList":[{"number":6,"continueCount":0,"dismissCount":41,"isShow":true,"isNotShow":true,"showCount":3},{"number":11,"continueCount":0,"dismissCount":37,"isShow":true,"isNotShow":true,"showCount":5},{"number":5,"continueCount":0,"dismissCount":31,"isShow":true,"isNotShow":true,"showCount":4}]}}
红球近期出现频率统计：
号码31连续出现0次;连续未出现11次;近20期该号码出现2次
号码3连续出现0次;连续未出现10次;近20期该号码出现2次
号码23连续出现0次;连续未出现10次;近20期该号码出现3次
号码4连续出现0次;连续未出现9次;近20期该号码出现2次
号码21连续出现0次;连续未出现7次;近20期该号码出现4次
号码22连续出现0次;连续未出现7次;近20期该号码出现2次
号码11连续出现0次;连续未出现6次;近20期该号码出现2次
号码12连续出现0次;连续未出现6次;近20期该号码出现4次
号码13连续出现0次;连续未出现6次;近20期该号码出现2次
号码14连续出现0次;连续未出现6次;近20期该号码出现2次
号码8连续出现0次;连续未出现5次;近20期该号码出现4次
号码18连续出现0次;连续未出现5次;近20期该号码出现4次
号码33连续出现0次;连续未出现5次;近20期该号码出现4次
号码27连续出现0次;连续未出现4次;近20期该号码出现9次
号码29连续出现0次;连续未出现4次;近20期该号码出现3次
号码9连续出现0次;连续未出现3次;近20期该号码出现4次
号码10连续出现0次;连续未出现3次;近20期该号码出现5次
号码15连续出现0次;连续未出现3次;近20期该号码出现4次
号码7连续出现0次;连续未出现2次;近20期该号码出现4次
号码16连续出现0次;连续未出现2次;近20期该号码出现2次
号码20连续出现0次;连续未出现2次;近20期该号码出现5次
号码24连续出现0次;连续未出现2次;近20期该号码出现3次
号码25连续出现0次;连续未出现2次;近20期该号码出现3次
号码6连续出现0次;连续未出现1次;近20期该号码出现5次
号码19连续出现0次;连续未出现1次;近20期该号码出现4次
号码28连续出现0次;连续未出现1次;近20期该号码出现5次
号码30连续出现0次;连续未出现1次;近20期该号码出现3次
号码1连续出现2次;连续未出现0次;近20期该号码出现4次
号码2连续出现1次;连续未出现0次;近20期该号码出现5次
号码5连续出现1次;连续未出现0次;近20期该号码出现3次
号码17连续出现1次;连续未出现0次;近20期该号码出现5次
号码26连续出现2次;连续未出现0次;近20期该号码出现4次
号码32连续出现1次;连续未出现0次;近20期该号码出现3次

蓝球近期出现频率统计：
号码6连续出现0次;连续未出现41次;近100期该号码出现3次
号码11连续出现0次;连续未出现37次;近100期该号码出现5次
号码5连续出现0次;连续未出现31次;近100期该号码出现4次
号码4连续出现0次;连续未出现21次;近100期该号码出现10次
号码9连续出现0次;连续未出现19次;近100期该号码出现8次
号码8连续出现0次;连续未出现18次;近100期该号码出现5次
号码16连续出现0次;连续未出现13次;近100期该号码出现8次
号码1连续出现0次;连续未出现10次;近100期该号码出现10次
号码2连续出现0次;连续未出现9次;近100期该号码出现6次
号码15连续出现0次;连续未出现7次;近100期该号码出现3次
号码13连续出现0次;连续未出现6次;近100期该号码出现5次
号码12连续出现0次;连续未出现5次;近100期该号码出现7次
号码14连续出现0次;连续未出现3次;近100期该号码出现8次
号码7连续出现0次;连续未出现2次;近100期该号码出现7次
号码3连续出现0次;连续未出现1次;近100期该号码出现5次
号码10连续出现1次;连续未出现0次;近100期该号码出现6次

{"redBall":{"mustNumberList":[],"needNumberList":[{"number":31,"continueCount":0,"dismissCount":11,"isShow":true,"isNotShow":true,"showCount":2},{"number":3,"continueCount":0,"dismissCount":10,"isShow":true,"isNotShow":true,"showCount":2},{"number":23,"continueCount":0,"dismissCount":10,"isShow":true,"isNotShow":true,"showCount":3},{"number":4,"continueCount":0,"dismissCount":9,"isShow":true,"isNotShow":true,"showCount":2},{"number":21,"continueCount":0,"dismissCount":7,"isShow":true,"isNotShow":true,"showCount":4},{"number":22,"continueCount":0,"dismissCount":7,"isShow":true,"isNotShow":true,"showCount":2}]},"blueBall":{"mustNumberList":[],"needNumberList":[{"number":6,"continueCount":0,"dismissCount":41,"isShow":true,"isNotShow":true,"showCount":3},{"number":11,"continueCount":0,"dismissCount":37,"isShow":true,"isNotShow":true,"showCount":5},{"number":5,"continueCount":0,"dismissCount":31,"isShow":true,"isNotShow":true,"showCount":4}]}}
无强烈推荐红球
推荐红球:31
推荐红球:3
推荐红球:23
推荐红球:4
推荐红球:21
推荐红球:22
无强烈推荐蓝球
推荐蓝球:6
推荐蓝球:11
推荐蓝球:5
红球近期出现频率统计：
号码31连续出现0次;连续未出现11次;近20期该号码出现2次
号码3连续出现0次;连续未出现10次;近20期该号码出现2次
号码23连续出现0次;连续未出现10次;近20期该号码出现3次
号码4连续出现0次;连续未出现9次;近20期该号码出现2次
号码21连续出现0次;连续未出现7次;近20期该号码出现4次
号码22连续出现0次;连续未出现7次;近20期该号码出现2次
号码11连续出现0次;连续未出现6次;近20期该号码出现2次
号码12连续出现0次;连续未出现6次;近20期该号码出现4次
号码13连续出现0次;连续未出现6次;近20期该号码出现2次
号码14连续出现0次;连续未出现6次;近20期该号码出现2次
号码8连续出现0次;连续未出现5次;近20期该号码出现4次
号码18连续出现0次;连续未出现5次;近20期该号码出现4次
号码33连续出现0次;连续未出现5次;近20期该号码出现4次
号码27连续出现0次;连续未出现4次;近20期该号码出现9次
号码29连续出现0次;连续未出现4次;近20期该号码出现3次
号码9连续出现0次;连续未出现3次;近20期该号码出现4次
号码10连续出现0次;连续未出现3次;近20期该号码出现5次
号码15连续出现0次;连续未出现3次;近20期该号码出现4次
号码7连续出现0次;连续未出现2次;近20期该号码出现4次
号码16连续出现0次;连续未出现2次;近20期该号码出现2次
号码20连续出现0次;连续未出现2次;近20期该号码出现5次
号码24连续出现0次;连续未出现2次;近20期该号码出现3次
号码25连续出现0次;连续未出现2次;近20期该号码出现3次
号码6连续出现0次;连续未出现1次;近20期该号码出现5次
号码19连续出现0次;连续未出现1次;近20期该号码出现4次
号码28连续出现0次;连续未出现1次;近20期该号码出现5次
号码30连续出现0次;连续未出现1次;近20期该号码出现3次
号码1连续出现2次;连续未出现0次;近20期该号码出现4次
号码2连续出现1次;连续未出现0次;近20期该号码出现5次
号码5连续出现1次;连续未出现0次;近20期该号码出现3次
号码17连续出现1次;连续未出现0次;近20期该号码出现5次
号码26连续出现2次;连续未出现0次;近20期该号码出现4次
号码32连续出现1次;连续未出现0次;近20期该号码出现3次

蓝球近期出现频率统计：
号码6连续出现0次;连续未出现41次;近100期该号码出现3次
号码11连续出现0次;连续未出现37次;近100期该号码出现5次
号码5连续出现0次;连续未出现31次;近100期该号码出现4次
号码4连续出现0次;连续未出现21次;近100期该号码出现10次
号码9连续出现0次;连续未出现19次;近100期该号码出现8次
号码8连续出现0次;连续未出现18次;近100期该号码出现5次
号码16连续出现0次;连续未出现13次;近100期该号码出现8次
号码1连续出现0次;连续未出现10次;近100期该号码出现10次
号码2连续出现0次;连续未出现9次;近100期该号码出现6次
号码15连续出现0次;连续未出现7次;近100期该号码出现3次
号码13连续出现0次;连续未出现6次;近100期该号码出现5次
号码12连续出现0次;连续未出现5次;近100期该号码出现7次
号码14连续出现0次;连续未出现3次;近100期该号码出现8次
号码7连续出现0次;连续未出现2次;近100期该号码出现7次
号码3连续出现0次;连续未出现1次;近100期该号码出现5次
号码10连续出现1次;连续未出现0次;近100期该号码出现6次

无强烈推荐红球
推荐红球:31
推荐红球:3
推荐红球:4
推荐红球:22
推荐红球:11
推荐红球:13
无强烈推荐蓝球
推荐蓝球:6
推荐蓝球:11
推荐蓝球:5
url:http://www.baidu.com.cn/s?wd=双色球
action:
该期号已经存在，不插入
url:http://www.baidu.com.cn/s?wd=双色球
action:
该期号已经存在，不插入
url:http://www.baidu.com.cn/s?wd=双色球
action:
该期号已经存在，不插入
红球近期出现频率统计：
号码31连续出现0次;连续未出现11次;近20期该号码出现2次
号码3连续出现0次;连续未出现10次;近20期该号码出现2次
号码23连续出现0次;连续未出现10次;近20期该号码出现3次
号码4连续出现0次;连续未出现9次;近20期该号码出现2次
号码21连续出现0次;连续未出现7次;近20期该号码出现4次
号码22连续出现0次;连续未出现7次;近20期该号码出现2次
号码11连续出现0次;连续未出现6次;近20期该号码出现2次
号码12连续出现0次;连续未出现6次;近20期该号码出现4次
号码13连续出现0次;连续未出现6次;近20期该号码出现2次
号码14连续出现0次;连续未出现6次;近20期该号码出现2次
号码8连续出现0次;连续未出现5次;近20期该号码出现4次
号码18连续出现0次;连续未出现5次;近20期该号码出现4次
号码33连续出现0次;连续未出现5次;近20期该号码出现4次
号码27连续出现0次;连续未出现4次;近20期该号码出现9次
号码29连续出现0次;连续未出现4次;近20期该号码出现3次
号码9连续出现0次;连续未出现3次;近20期该号码出现4次
号码10连续出现0次;连续未出现3次;近20期该号码出现5次
号码15连续出现0次;连续未出现3次;近20期该号码出现4次
号码7连续出现0次;连续未出现2次;近20期该号码出现4次
号码16连续出现0次;连续未出现2次;近20期该号码出现2次
号码20连续出现0次;连续未出现2次;近20期该号码出现5次
号码24连续出现0次;连续未出现2次;近20期该号码出现3次
号码25连续出现0次;连续未出现2次;近20期该号码出现3次
号码6连续出现0次;连续未出现1次;近20期该号码出现5次
号码19连续出现0次;连续未出现1次;近20期该号码出现4次
号码28连续出现0次;连续未出现1次;近20期该号码出现5次
号码30连续出现0次;连续未出现1次;近20期该号码出现3次
号码1连续出现2次;连续未出现0次;近20期该号码出现4次
号码2连续出现1次;连续未出现0次;近20期该号码出现5次
号码5连续出现1次;连续未出现0次;近20期该号码出现3次
号码17连续出现1次;连续未出现0次;近20期该号码出现5次
号码26连续出现2次;连续未出现0次;近20期该号码出现4次
号码32连续出现1次;连续未出现0次;近20期该号码出现3次

蓝球近期出现频率统计：
号码6连续出现0次;连续未出现41次;近100期该号码出现3次
号码11连续出现0次;连续未出现37次;近100期该号码出现5次
号码5连续出现0次;连续未出现31次;近100期该号码出现4次
号码4连续出现0次;连续未出现21次;近100期该号码出现10次
号码9连续出现0次;连续未出现19次;近100期该号码出现8次
号码8连续出现0次;连续未出现18次;近100期该号码出现5次
号码16连续出现0次;连续未出现13次;近100期该号码出现8次
号码1连续出现0次;连续未出现10次;近100期该号码出现10次
号码2连续出现0次;连续未出现9次;近100期该号码出现6次
号码15连续出现0次;连续未出现7次;近100期该号码出现3次
号码13连续出现0次;连续未出现6次;近100期该号码出现5次
号码12连续出现0次;连续未出现5次;近100期该号码出现7次
号码14连续出现0次;连续未出现3次;近100期该号码出现8次
号码7连续出现0次;连续未出现2次;近100期该号码出现7次
号码3连续出现0次;连续未出现1次;近100期该号码出现5次
号码10连续出现1次;连续未出现0次;近100期该号码出现6次

url:http://www.baidu.com.cn/s?wd=双色球
action:
该期号已经存在，不插入
红球近期出现频率统计：
号码31连续出现0次;连续未出现11次;近20期该号码出现2次
号码3连续出现0次;连续未出现10次;近20期该号码出现2次
号码23连续出现0次;连续未出现10次;近20期该号码出现3次
号码4连续出现0次;连续未出现9次;近20期该号码出现2次
号码21连续出现0次;连续未出现7次;近20期该号码出现4次
号码22连续出现0次;连续未出现7次;近20期该号码出现2次
号码11连续出现0次;连续未出现6次;近20期该号码出现2次
号码12连续出现0次;连续未出现6次;近20期该号码出现4次
号码13连续出现0次;连续未出现6次;近20期该号码出现2次
号码14连续出现0次;连续未出现6次;近20期该号码出现2次
号码8连续出现0次;连续未出现5次;近20期该号码出现4次
号码18连续出现0次;连续未出现5次;近20期该号码出现4次
号码33连续出现0次;连续未出现5次;近20期该号码出现4次
号码27连续出现0次;连续未出现4次;近20期该号码出现9次
号码29连续出现0次;连续未出现4次;近20期该号码出现3次
号码9连续出现0次;连续未出现3次;近20期该号码出现4次
号码10连续出现0次;连续未出现3次;近20期该号码出现5次
号码15连续出现0次;连续未出现3次;近20期该号码出现4次
号码7连续出现0次;连续未出现2次;近20期该号码出现4次
号码16连续出现0次;连续未出现2次;近20期该号码出现2次
号码20连续出现0次;连续未出现2次;近20期该号码出现5次
号码24连续出现0次;连续未出现2次;近20期该号码出现3次
号码25连续出现0次;连续未出现2次;近20期该号码出现3次
号码6连续出现0次;连续未出现1次;近20期该号码出现5次
号码19连续出现0次;连续未出现1次;近20期该号码出现4次
号码28连续出现0次;连续未出现1次;近20期该号码出现5次
号码30连续出现0次;连续未出现1次;近20期该号码出现3次
号码1连续出现2次;连续未出现0次;近20期该号码出现4次
号码2连续出现1次;连续未出现0次;近20期该号码出现5次
号码5连续出现1次;连续未出现0次;近20期该号码出现3次
号码17连续出现1次;连续未出现0次;近20期该号码出现5次
号码26连续出现2次;连续未出现0次;近20期该号码出现4次
号码32连续出现1次;连续未出现0次;近20期该号码出现3次

蓝球近期出现频率统计：
号码6连续出现0次;连续未出现41次;近100期该号码出现3次
号码11连续出现0次;连续未出现37次;近100期该号码出现5次
号码5连续出现0次;连续未出现31次;近100期该号码出现4次
号码4连续出现0次;连续未出现21次;近100期该号码出现10次
号码9连续出现0次;连续未出现19次;近100期该号码出现8次
号码8连续出现0次;连续未出现18次;近100期该号码出现5次
号码16连续出现0次;连续未出现13次;近100期该号码出现8次
号码1连续出现0次;连续未出现10次;近100期该号码出现10次
号码2连续出现0次;连续未出现9次;近100期该号码出现6次
号码15连续出现0次;连续未出现7次;近100期该号码出现3次
号码13连续出现0次;连续未出现6次;近100期该号码出现5次
号码12连续出现0次;连续未出现5次;近100期该号码出现7次
号码14连续出现0次;连续未出现3次;近100期该号码出现8次
号码7连续出现0次;连续未出现2次;近100期该号码出现7次
号码3连续出现0次;连续未出现1次;近100期该号码出现5次
号码10连续出现1次;连续未出现0次;近100期该号码出现6次

url:http://www.baidu.com.cn/s?wd=双色球
action:
该期号已经存在，不插入
url:http://www.baidu.com.cn/s?wd=双色球
action:
该期号已经存在，不插入
url:http://www.baidu.com.cn/s?wd=双色球
action:
该期号已经存在，不插入
url:http://www.baidu.com.cn/s?wd=双色球
action:
该期号已经存在，不插入
红球近期出现频率统计：
号码31连续出现0次;连续未出现11次;近20期该号码出现2次
号码3连续出现0次;连续未出现10次;近20期该号码出现2次
号码23连续出现0次;连续未出现10次;近20期该号码出现3次
号码4连续出现0次;连续未出现9次;近20期该号码出现2次
号码21连续出现0次;连续未出现7次;近20期该号码出现4次
号码22连续出现0次;连续未出现7次;近20期该号码出现2次
号码11连续出现0次;连续未出现6次;近20期该号码出现2次
号码12连续出现0次;连续未出现6次;近20期该号码出现4次
号码13连续出现0次;连续未出现6次;近20期该号码出现2次
号码14连续出现0次;连续未出现6次;近20期该号码出现2次
号码8连续出现0次;连续未出现5次;近20期该号码出现4次
号码18连续出现0次;连续未出现5次;近20期该号码出现4次
号码33连续出现0次;连续未出现5次;近20期该号码出现4次
号码27连续出现0次;连续未出现4次;近20期该号码出现9次
号码29连续出现0次;连续未出现4次;近20期该号码出现3次
号码9连续出现0次;连续未出现3次;近20期该号码出现4次
号码10连续出现0次;连续未出现3次;近20期该号码出现5次
号码15连续出现0次;连续未出现3次;近20期该号码出现4次
号码7连续出现0次;连续未出现2次;近20期该号码出现4次
号码16连续出现0次;连续未出现2次;近20期该号码出现2次
号码20连续出现0次;连续未出现2次;近20期该号码出现5次
号码24连续出现0次;连续未出现2次;近20期该号码出现3次
号码25连续出现0次;连续未出现2次;近20期该号码出现3次
号码6连续出现0次;连续未出现1次;近20期该号码出现5次
号码19连续出现0次;连续未出现1次;近20期该号码出现4次
号码28连续出现0次;连续未出现1次;近20期该号码出现5次
号码30连续出现0次;连续未出现1次;近20期该号码出现3次
号码1连续出现2次;连续未出现0次;近20期该号码出现4次
号码2连续出现1次;连续未出现0次;近20期该号码出现5次
号码5连续出现1次;连续未出现0次;近20期该号码出现3次
号码17连续出现1次;连续未出现0次;近20期该号码出现5次
号码26连续出现2次;连续未出现0次;近20期该号码出现4次
号码32连续出现1次;连续未出现0次;近20期该号码出现3次

蓝球近期出现频率统计：
号码6连续出现0次;连续未出现41次;近100期该号码出现3次
号码11连续出现0次;连续未出现37次;近100期该号码出现5次
号码5连续出现0次;连续未出现31次;近100期该号码出现4次
号码4连续出现0次;连续未出现21次;近100期该号码出现10次
号码9连续出现0次;连续未出现19次;近100期该号码出现8次
号码8连续出现0次;连续未出现18次;近100期该号码出现5次
号码16连续出现0次;连续未出现13次;近100期该号码出现8次
号码1连续出现0次;连续未出现10次;近100期该号码出现10次
号码2连续出现0次;连续未出现9次;近100期该号码出现6次
号码15连续出现0次;连续未出现7次;近100期该号码出现3次
号码13连续出现0次;连续未出现6次;近100期该号码出现5次
号码12连续出现0次;连续未出现5次;近100期该号码出现7次
号码14连续出现0次;连续未出现3次;近100期该号码出现8次
号码7连续出现0次;连续未出现2次;近100期该号码出现7次
号码3连续出现0次;连续未出现1次;近100期该号码出现5次
号码10连续出现1次;连续未出现0次;近100期该号码出现6次

